ARM GAS  /tmp/cco4ge11.s 			page 1


   1              		.cpu cortex-m4
   2              		.eabi_attribute 27, 1
   3              		.eabi_attribute 28, 1
   4              		.eabi_attribute 20, 1
   5              		.eabi_attribute 21, 1
   6              		.eabi_attribute 23, 3
   7              		.eabi_attribute 24, 1
   8              		.eabi_attribute 25, 1
   9              		.eabi_attribute 26, 1
  10              		.eabi_attribute 30, 1
  11              		.eabi_attribute 34, 1
  12              		.eabi_attribute 18, 4
  13              		.file	"dma.c"
  14              		.text
  15              	.Ltext0:
  16              		.cfi_sections	.debug_frame
  17              		.section	.text.MX_DMA_Init,"ax",%progbits
  18              		.align	1
  19              		.global	MX_DMA_Init
  20              		.syntax unified
  21              		.thumb
  22              		.thumb_func
  23              		.fpu fpv4-sp-d16
  25              	MX_DMA_Init:
  26              	.LFB766:
  27              		.file 1 "Core/Src/dma.c"
   1:Core/Src/dma.c **** /**
   2:Core/Src/dma.c ****   ******************************************************************************
   3:Core/Src/dma.c ****   * File Name          : dma.c
   4:Core/Src/dma.c ****   * Description        : This file provides code for the configuration
   5:Core/Src/dma.c ****   *                      of all the requested memory to memory DMA transfers.
   6:Core/Src/dma.c ****   ******************************************************************************
   7:Core/Src/dma.c ****   * @attention
   8:Core/Src/dma.c ****   *
   9:Core/Src/dma.c ****   * <h2><center>&copy; Copyright (c) 2020 STMicroelectronics.
  10:Core/Src/dma.c ****   * All rights reserved.</center></h2>
  11:Core/Src/dma.c ****   *
  12:Core/Src/dma.c ****   * This software component is licensed by ST under BSD 3-Clause license,
  13:Core/Src/dma.c ****   * the "License"; You may not use this file except in compliance with the
  14:Core/Src/dma.c ****   * License. You may obtain a copy of the License at:
  15:Core/Src/dma.c ****   *                        opensource.org/licenses/BSD-3-Clause
  16:Core/Src/dma.c ****   *
  17:Core/Src/dma.c ****   ******************************************************************************
  18:Core/Src/dma.c ****   */
  19:Core/Src/dma.c **** 
  20:Core/Src/dma.c **** /* Includes ------------------------------------------------------------------*/
  21:Core/Src/dma.c **** #include "dma.h"
  22:Core/Src/dma.c **** 
  23:Core/Src/dma.c **** /* USER CODE BEGIN 0 */
  24:Core/Src/dma.c **** 
  25:Core/Src/dma.c **** /* USER CODE END 0 */
  26:Core/Src/dma.c **** 
  27:Core/Src/dma.c **** /*----------------------------------------------------------------------------*/
  28:Core/Src/dma.c **** /* Configure DMA                                                              */
  29:Core/Src/dma.c **** /*----------------------------------------------------------------------------*/
  30:Core/Src/dma.c **** 
  31:Core/Src/dma.c **** /* USER CODE BEGIN 1 */
ARM GAS  /tmp/cco4ge11.s 			page 2


  32:Core/Src/dma.c **** 
  33:Core/Src/dma.c **** /* USER CODE END 1 */
  34:Core/Src/dma.c **** 
  35:Core/Src/dma.c **** /** 
  36:Core/Src/dma.c ****   * Enable DMA controller clock
  37:Core/Src/dma.c ****   */
  38:Core/Src/dma.c **** void MX_DMA_Init(void) 
  39:Core/Src/dma.c **** {
  28              		.loc 1 39 0
  29              		.cfi_startproc
  30              		@ args = 0, pretend = 0, frame = 8
  31              		@ frame_needed = 0, uses_anonymous_args = 0
  32 0000 10B5     		push	{r4, lr}
  33              	.LCFI0:
  34              		.cfi_def_cfa_offset 8
  35              		.cfi_offset 4, -8
  36              		.cfi_offset 14, -4
  37 0002 82B0     		sub	sp, sp, #8
  38              	.LCFI1:
  39              		.cfi_def_cfa_offset 16
  40              	.LBB2:
  40:Core/Src/dma.c **** 
  41:Core/Src/dma.c ****   /* DMA controller clock enable */
  42:Core/Src/dma.c ****   __HAL_RCC_DMA1_CLK_ENABLE();
  41              		.loc 1 42 0
  42 0004 0024     		movs	r4, #0
  43 0006 0094     		str	r4, [sp]
  44 0008 1A4B     		ldr	r3, .L3
  45 000a 1A6B     		ldr	r2, [r3, #48]
  46 000c 42F40012 		orr	r2, r2, #2097152
  47 0010 1A63     		str	r2, [r3, #48]
  48 0012 1A6B     		ldr	r2, [r3, #48]
  49 0014 02F40012 		and	r2, r2, #2097152
  50 0018 0092     		str	r2, [sp]
  51 001a 009A     		ldr	r2, [sp]
  52              	.LBE2:
  53              	.LBB3:
  43:Core/Src/dma.c ****   __HAL_RCC_DMA2_CLK_ENABLE();
  54              		.loc 1 43 0
  55 001c 0194     		str	r4, [sp, #4]
  56 001e 1A6B     		ldr	r2, [r3, #48]
  57 0020 42F48002 		orr	r2, r2, #4194304
  58 0024 1A63     		str	r2, [r3, #48]
  59 0026 1B6B     		ldr	r3, [r3, #48]
  60 0028 03F48003 		and	r3, r3, #4194304
  61 002c 0193     		str	r3, [sp, #4]
  62 002e 019B     		ldr	r3, [sp, #4]
  63              	.LBE3:
  44:Core/Src/dma.c **** 
  45:Core/Src/dma.c ****   /* DMA interrupt init */
  46:Core/Src/dma.c ****   /* DMA1_Stream0_IRQn interrupt configuration */
  47:Core/Src/dma.c ****   HAL_NVIC_SetPriority(DMA1_Stream0_IRQn, 0, 0);
  64              		.loc 1 47 0
  65 0030 2246     		mov	r2, r4
  66 0032 2146     		mov	r1, r4
  67 0034 0B20     		movs	r0, #11
  68 0036 FFF7FEFF 		bl	HAL_NVIC_SetPriority
ARM GAS  /tmp/cco4ge11.s 			page 3


  69              	.LVL0:
  48:Core/Src/dma.c ****   HAL_NVIC_EnableIRQ(DMA1_Stream0_IRQn);
  70              		.loc 1 48 0
  71 003a 0B20     		movs	r0, #11
  72 003c FFF7FEFF 		bl	HAL_NVIC_EnableIRQ
  73              	.LVL1:
  49:Core/Src/dma.c ****   /* DMA1_Stream6_IRQn interrupt configuration */
  50:Core/Src/dma.c ****   HAL_NVIC_SetPriority(DMA1_Stream6_IRQn, 0, 0);
  74              		.loc 1 50 0
  75 0040 2246     		mov	r2, r4
  76 0042 2146     		mov	r1, r4
  77 0044 1120     		movs	r0, #17
  78 0046 FFF7FEFF 		bl	HAL_NVIC_SetPriority
  79              	.LVL2:
  51:Core/Src/dma.c ****   HAL_NVIC_EnableIRQ(DMA1_Stream6_IRQn);
  80              		.loc 1 51 0
  81 004a 1120     		movs	r0, #17
  82 004c FFF7FEFF 		bl	HAL_NVIC_EnableIRQ
  83              	.LVL3:
  52:Core/Src/dma.c ****   /* DMA2_Stream2_IRQn interrupt configuration */
  53:Core/Src/dma.c ****   HAL_NVIC_SetPriority(DMA2_Stream2_IRQn, 0, 0);
  84              		.loc 1 53 0
  85 0050 2246     		mov	r2, r4
  86 0052 2146     		mov	r1, r4
  87 0054 3A20     		movs	r0, #58
  88 0056 FFF7FEFF 		bl	HAL_NVIC_SetPriority
  89              	.LVL4:
  54:Core/Src/dma.c ****   HAL_NVIC_EnableIRQ(DMA2_Stream2_IRQn);
  90              		.loc 1 54 0
  91 005a 3A20     		movs	r0, #58
  92 005c FFF7FEFF 		bl	HAL_NVIC_EnableIRQ
  93              	.LVL5:
  55:Core/Src/dma.c ****   /* DMA2_Stream5_IRQn interrupt configuration */
  56:Core/Src/dma.c ****   HAL_NVIC_SetPriority(DMA2_Stream5_IRQn, 0, 0);
  94              		.loc 1 56 0
  95 0060 2246     		mov	r2, r4
  96 0062 2146     		mov	r1, r4
  97 0064 4420     		movs	r0, #68
  98 0066 FFF7FEFF 		bl	HAL_NVIC_SetPriority
  99              	.LVL6:
  57:Core/Src/dma.c ****   HAL_NVIC_EnableIRQ(DMA2_Stream5_IRQn);
 100              		.loc 1 57 0
 101 006a 4420     		movs	r0, #68
 102 006c FFF7FEFF 		bl	HAL_NVIC_EnableIRQ
 103              	.LVL7:
  58:Core/Src/dma.c **** 
  59:Core/Src/dma.c **** }
 104              		.loc 1 59 0
 105 0070 02B0     		add	sp, sp, #8
 106              	.LCFI2:
 107              		.cfi_def_cfa_offset 8
 108              		@ sp needed
 109 0072 10BD     		pop	{r4, pc}
 110              	.L4:
 111              		.align	2
 112              	.L3:
 113 0074 00380240 		.word	1073887232
ARM GAS  /tmp/cco4ge11.s 			page 4


 114              		.cfi_endproc
 115              	.LFE766:
 117              		.text
 118              	.Letext0:
 119              		.file 2 "/usr/include/newlib/machine/_default_types.h"
 120              		.file 3 "/usr/include/newlib/sys/_stdint.h"
 121              		.file 4 "Drivers/CMSIS/Include/core_cm4.h"
 122              		.file 5 "Drivers/CMSIS/Device/ST/STM32F4xx/Include/system_stm32f4xx.h"
 123              		.file 6 "Drivers/CMSIS/Device/ST/STM32F4xx/Include/stm32f413xx.h"
 124              		.file 7 "Drivers/STM32F4xx_HAL_Driver/Inc/stm32f4xx_hal.h"
 125              		.file 8 "Drivers/STM32F4xx_HAL_Driver/Inc/stm32f4xx_ll_dma.h"
 126              		.file 9 "Drivers/STM32F4xx_HAL_Driver/Inc/stm32f4xx_hal_cortex.h"
ARM GAS  /tmp/cco4ge11.s 			page 5


DEFINED SYMBOLS
                            *ABS*:0000000000000000 dma.c
     /tmp/cco4ge11.s:18     .text.MX_DMA_Init:0000000000000000 $t
     /tmp/cco4ge11.s:25     .text.MX_DMA_Init:0000000000000000 MX_DMA_Init
     /tmp/cco4ge11.s:113    .text.MX_DMA_Init:0000000000000074 $d

UNDEFINED SYMBOLS
HAL_NVIC_SetPriority
HAL_NVIC_EnableIRQ
