ARM GAS  /tmp/ccbxA6Kn.s 			page 1


   1              		.cpu cortex-m4
   2              		.eabi_attribute 27, 1
   3              		.eabi_attribute 28, 1
   4              		.eabi_attribute 20, 1
   5              		.eabi_attribute 21, 1
   6              		.eabi_attribute 23, 3
   7              		.eabi_attribute 24, 1
   8              		.eabi_attribute 25, 1
   9              		.eabi_attribute 26, 1
  10              		.eabi_attribute 30, 1
  11              		.eabi_attribute 34, 1
  12              		.eabi_attribute 18, 4
  13              		.file	"i2c.c"
  14              		.text
  15              	.Ltext0:
  16              		.cfi_sections	.debug_frame
  17              		.section	.text.MX_I2C1_Init,"ax",%progbits
  18              		.align	1
  19              		.global	MX_I2C1_Init
  20              		.syntax unified
  21              		.thumb
  22              		.thumb_func
  23              		.fpu fpv4-sp-d16
  25              	MX_I2C1_Init:
  26              	.LFB766:
  27              		.file 1 "Core/Src/i2c.c"
   1:Core/Src/i2c.c **** /**
   2:Core/Src/i2c.c ****   ******************************************************************************
   3:Core/Src/i2c.c ****   * File Name          : I2C.c
   4:Core/Src/i2c.c ****   * Description        : This file provides code for the configuration
   5:Core/Src/i2c.c ****   *                      of the I2C instances.
   6:Core/Src/i2c.c ****   ******************************************************************************
   7:Core/Src/i2c.c ****   * @attention
   8:Core/Src/i2c.c ****   *
   9:Core/Src/i2c.c ****   * <h2><center>&copy; Copyright (c) 2020 STMicroelectronics.
  10:Core/Src/i2c.c ****   * All rights reserved.</center></h2>
  11:Core/Src/i2c.c ****   *
  12:Core/Src/i2c.c ****   * This software component is licensed by ST under BSD 3-Clause license,
  13:Core/Src/i2c.c ****   * the "License"; You may not use this file except in compliance with the
  14:Core/Src/i2c.c ****   * License. You may obtain a copy of the License at:
  15:Core/Src/i2c.c ****   *                        opensource.org/licenses/BSD-3-Clause
  16:Core/Src/i2c.c ****   *
  17:Core/Src/i2c.c ****   ******************************************************************************
  18:Core/Src/i2c.c ****   */
  19:Core/Src/i2c.c **** 
  20:Core/Src/i2c.c **** /* Includes ------------------------------------------------------------------*/
  21:Core/Src/i2c.c **** #include "i2c.h"
  22:Core/Src/i2c.c **** 
  23:Core/Src/i2c.c **** /* USER CODE BEGIN 0 */
  24:Core/Src/i2c.c **** 
  25:Core/Src/i2c.c **** /* USER CODE END 0 */
  26:Core/Src/i2c.c **** 
  27:Core/Src/i2c.c **** I2C_HandleTypeDef hi2c1;
  28:Core/Src/i2c.c **** DMA_HandleTypeDef hdma_i2c1_rx;
  29:Core/Src/i2c.c **** DMA_HandleTypeDef hdma_i2c1_tx;
  30:Core/Src/i2c.c **** 
  31:Core/Src/i2c.c **** /* I2C1 init function */
ARM GAS  /tmp/ccbxA6Kn.s 			page 2


  32:Core/Src/i2c.c **** void MX_I2C1_Init(void)
  33:Core/Src/i2c.c **** {
  28              		.loc 1 33 0
  29              		.cfi_startproc
  30              		@ args = 0, pretend = 0, frame = 0
  31              		@ frame_needed = 0, uses_anonymous_args = 0
  32 0000 08B5     		push	{r3, lr}
  33              	.LCFI0:
  34              		.cfi_def_cfa_offset 8
  35              		.cfi_offset 3, -8
  36              		.cfi_offset 14, -4
  34:Core/Src/i2c.c **** 
  35:Core/Src/i2c.c ****   hi2c1.Instance = I2C1;
  37              		.loc 1 35 0
  38 0002 0B48     		ldr	r0, .L5
  39 0004 0B4B     		ldr	r3, .L5+4
  40 0006 0360     		str	r3, [r0]
  36:Core/Src/i2c.c ****   hi2c1.Init.ClockSpeed = 100000;
  41              		.loc 1 36 0
  42 0008 0B4B     		ldr	r3, .L5+8
  43 000a 4360     		str	r3, [r0, #4]
  37:Core/Src/i2c.c ****   hi2c1.Init.DutyCycle = I2C_DUTYCYCLE_2;
  44              		.loc 1 37 0
  45 000c 0023     		movs	r3, #0
  46 000e 8360     		str	r3, [r0, #8]
  38:Core/Src/i2c.c ****   hi2c1.Init.OwnAddress1 = 0;
  47              		.loc 1 38 0
  48 0010 C360     		str	r3, [r0, #12]
  39:Core/Src/i2c.c ****   hi2c1.Init.AddressingMode = I2C_ADDRESSINGMODE_7BIT;
  49              		.loc 1 39 0
  50 0012 4FF48042 		mov	r2, #16384
  51 0016 0261     		str	r2, [r0, #16]
  40:Core/Src/i2c.c ****   hi2c1.Init.DualAddressMode = I2C_DUALADDRESS_DISABLE;
  52              		.loc 1 40 0
  53 0018 4361     		str	r3, [r0, #20]
  41:Core/Src/i2c.c ****   hi2c1.Init.OwnAddress2 = 0;
  54              		.loc 1 41 0
  55 001a 8361     		str	r3, [r0, #24]
  42:Core/Src/i2c.c ****   hi2c1.Init.GeneralCallMode = I2C_GENERALCALL_DISABLE;
  56              		.loc 1 42 0
  57 001c C361     		str	r3, [r0, #28]
  43:Core/Src/i2c.c ****   hi2c1.Init.NoStretchMode = I2C_NOSTRETCH_DISABLE;
  58              		.loc 1 43 0
  59 001e 0362     		str	r3, [r0, #32]
  44:Core/Src/i2c.c ****   if (HAL_I2C_Init(&hi2c1) != HAL_OK)
  60              		.loc 1 44 0
  61 0020 FFF7FEFF 		bl	HAL_I2C_Init
  62              	.LVL0:
  63 0024 00B9     		cbnz	r0, .L4
  64              	.L1:
  45:Core/Src/i2c.c ****   {
  46:Core/Src/i2c.c ****     Error_Handler();
  47:Core/Src/i2c.c ****   }
  48:Core/Src/i2c.c **** 
  49:Core/Src/i2c.c **** }
  65              		.loc 1 49 0
  66 0026 08BD     		pop	{r3, pc}
ARM GAS  /tmp/ccbxA6Kn.s 			page 3


  67              	.L4:
  46:Core/Src/i2c.c ****   }
  68              		.loc 1 46 0
  69 0028 FFF7FEFF 		bl	Error_Handler
  70              	.LVL1:
  71              		.loc 1 49 0
  72 002c FBE7     		b	.L1
  73              	.L6:
  74 002e 00BF     		.align	2
  75              	.L5:
  76 0030 00000000 		.word	hi2c1
  77 0034 00540040 		.word	1073763328
  78 0038 A0860100 		.word	100000
  79              		.cfi_endproc
  80              	.LFE766:
  82              		.section	.text.HAL_I2C_MspInit,"ax",%progbits
  83              		.align	1
  84              		.global	HAL_I2C_MspInit
  85              		.syntax unified
  86              		.thumb
  87              		.thumb_func
  88              		.fpu fpv4-sp-d16
  90              	HAL_I2C_MspInit:
  91              	.LFB767:
  50:Core/Src/i2c.c **** 
  51:Core/Src/i2c.c **** void HAL_I2C_MspInit(I2C_HandleTypeDef* i2cHandle)
  52:Core/Src/i2c.c **** {
  92              		.loc 1 52 0
  93              		.cfi_startproc
  94              		@ args = 0, pretend = 0, frame = 32
  95              		@ frame_needed = 0, uses_anonymous_args = 0
  96              	.LVL2:
  97 0000 70B5     		push	{r4, r5, r6, lr}
  98              	.LCFI1:
  99              		.cfi_def_cfa_offset 16
 100              		.cfi_offset 4, -16
 101              		.cfi_offset 5, -12
 102              		.cfi_offset 6, -8
 103              		.cfi_offset 14, -4
 104 0002 88B0     		sub	sp, sp, #32
 105              	.LCFI2:
 106              		.cfi_def_cfa_offset 48
  53:Core/Src/i2c.c **** 
  54:Core/Src/i2c.c ****   GPIO_InitTypeDef GPIO_InitStruct = {0};
 107              		.loc 1 54 0
 108 0004 0023     		movs	r3, #0
 109 0006 0393     		str	r3, [sp, #12]
 110 0008 0493     		str	r3, [sp, #16]
 111 000a 0593     		str	r3, [sp, #20]
 112 000c 0693     		str	r3, [sp, #24]
 113 000e 0793     		str	r3, [sp, #28]
  55:Core/Src/i2c.c ****   if(i2cHandle->Instance==I2C1)
 114              		.loc 1 55 0
 115 0010 0268     		ldr	r2, [r0]
 116 0012 374B     		ldr	r3, .L15
 117 0014 9A42     		cmp	r2, r3
 118 0016 01D0     		beq	.L12
ARM GAS  /tmp/ccbxA6Kn.s 			page 4


 119              	.LVL3:
 120              	.L7:
  56:Core/Src/i2c.c ****   {
  57:Core/Src/i2c.c ****   /* USER CODE BEGIN I2C1_MspInit 0 */
  58:Core/Src/i2c.c **** 
  59:Core/Src/i2c.c ****   /* USER CODE END I2C1_MspInit 0 */
  60:Core/Src/i2c.c ****   
  61:Core/Src/i2c.c ****     __HAL_RCC_GPIOB_CLK_ENABLE();
  62:Core/Src/i2c.c ****     /**I2C1 GPIO Configuration    
  63:Core/Src/i2c.c ****     PB6     ------> I2C1_SCL
  64:Core/Src/i2c.c ****     PB7     ------> I2C1_SDA 
  65:Core/Src/i2c.c ****     */
  66:Core/Src/i2c.c ****     GPIO_InitStruct.Pin = I2C_SCL_IMU_Pin|I2C_SDA_IMU_Pin;
  67:Core/Src/i2c.c ****     GPIO_InitStruct.Mode = GPIO_MODE_AF_OD;
  68:Core/Src/i2c.c ****     GPIO_InitStruct.Pull = GPIO_PULLUP;
  69:Core/Src/i2c.c ****     GPIO_InitStruct.Speed = GPIO_SPEED_FREQ_VERY_HIGH;
  70:Core/Src/i2c.c ****     GPIO_InitStruct.Alternate = GPIO_AF4_I2C1;
  71:Core/Src/i2c.c ****     HAL_GPIO_Init(GPIOB, &GPIO_InitStruct);
  72:Core/Src/i2c.c **** 
  73:Core/Src/i2c.c ****     /* I2C1 clock enable */
  74:Core/Src/i2c.c ****     __HAL_RCC_I2C1_CLK_ENABLE();
  75:Core/Src/i2c.c ****   
  76:Core/Src/i2c.c ****     /* I2C1 DMA Init */
  77:Core/Src/i2c.c ****     /* I2C1_RX Init */
  78:Core/Src/i2c.c ****     hdma_i2c1_rx.Instance = DMA1_Stream0;
  79:Core/Src/i2c.c ****     hdma_i2c1_rx.Init.Channel = DMA_CHANNEL_1;
  80:Core/Src/i2c.c ****     hdma_i2c1_rx.Init.Direction = DMA_PERIPH_TO_MEMORY;
  81:Core/Src/i2c.c ****     hdma_i2c1_rx.Init.PeriphInc = DMA_PINC_DISABLE;
  82:Core/Src/i2c.c ****     hdma_i2c1_rx.Init.MemInc = DMA_MINC_ENABLE;
  83:Core/Src/i2c.c ****     hdma_i2c1_rx.Init.PeriphDataAlignment = DMA_PDATAALIGN_BYTE;
  84:Core/Src/i2c.c ****     hdma_i2c1_rx.Init.MemDataAlignment = DMA_MDATAALIGN_BYTE;
  85:Core/Src/i2c.c ****     hdma_i2c1_rx.Init.Mode = DMA_NORMAL;
  86:Core/Src/i2c.c ****     hdma_i2c1_rx.Init.Priority = DMA_PRIORITY_LOW;
  87:Core/Src/i2c.c ****     hdma_i2c1_rx.Init.FIFOMode = DMA_FIFOMODE_DISABLE;
  88:Core/Src/i2c.c ****     if (HAL_DMA_Init(&hdma_i2c1_rx) != HAL_OK)
  89:Core/Src/i2c.c ****     {
  90:Core/Src/i2c.c ****       Error_Handler();
  91:Core/Src/i2c.c ****     }
  92:Core/Src/i2c.c **** 
  93:Core/Src/i2c.c ****     __HAL_LINKDMA(i2cHandle,hdmarx,hdma_i2c1_rx);
  94:Core/Src/i2c.c **** 
  95:Core/Src/i2c.c ****     /* I2C1_TX Init */
  96:Core/Src/i2c.c ****     hdma_i2c1_tx.Instance = DMA1_Stream6;
  97:Core/Src/i2c.c ****     hdma_i2c1_tx.Init.Channel = DMA_CHANNEL_1;
  98:Core/Src/i2c.c ****     hdma_i2c1_tx.Init.Direction = DMA_MEMORY_TO_PERIPH;
  99:Core/Src/i2c.c ****     hdma_i2c1_tx.Init.PeriphInc = DMA_PINC_DISABLE;
 100:Core/Src/i2c.c ****     hdma_i2c1_tx.Init.MemInc = DMA_MINC_ENABLE;
 101:Core/Src/i2c.c ****     hdma_i2c1_tx.Init.PeriphDataAlignment = DMA_PDATAALIGN_BYTE;
 102:Core/Src/i2c.c ****     hdma_i2c1_tx.Init.MemDataAlignment = DMA_MDATAALIGN_BYTE;
 103:Core/Src/i2c.c ****     hdma_i2c1_tx.Init.Mode = DMA_NORMAL;
 104:Core/Src/i2c.c ****     hdma_i2c1_tx.Init.Priority = DMA_PRIORITY_LOW;
 105:Core/Src/i2c.c ****     hdma_i2c1_tx.Init.FIFOMode = DMA_FIFOMODE_DISABLE;
 106:Core/Src/i2c.c ****     if (HAL_DMA_Init(&hdma_i2c1_tx) != HAL_OK)
 107:Core/Src/i2c.c ****     {
 108:Core/Src/i2c.c ****       Error_Handler();
 109:Core/Src/i2c.c ****     }
 110:Core/Src/i2c.c **** 
ARM GAS  /tmp/ccbxA6Kn.s 			page 5


 111:Core/Src/i2c.c ****     __HAL_LINKDMA(i2cHandle,hdmatx,hdma_i2c1_tx);
 112:Core/Src/i2c.c **** 
 113:Core/Src/i2c.c ****     /* I2C1 interrupt Init */
 114:Core/Src/i2c.c ****     HAL_NVIC_SetPriority(I2C1_EV_IRQn, 0, 0);
 115:Core/Src/i2c.c ****     HAL_NVIC_EnableIRQ(I2C1_EV_IRQn);
 116:Core/Src/i2c.c ****     HAL_NVIC_SetPriority(I2C1_ER_IRQn, 0, 0);
 117:Core/Src/i2c.c ****     HAL_NVIC_EnableIRQ(I2C1_ER_IRQn);
 118:Core/Src/i2c.c ****   /* USER CODE BEGIN I2C1_MspInit 1 */
 119:Core/Src/i2c.c **** 
 120:Core/Src/i2c.c ****   /* USER CODE END I2C1_MspInit 1 */
 121:Core/Src/i2c.c ****   }
 122:Core/Src/i2c.c **** }
 121              		.loc 1 122 0
 122 0018 08B0     		add	sp, sp, #32
 123              	.LCFI3:
 124              		.cfi_remember_state
 125              		.cfi_def_cfa_offset 16
 126              		@ sp needed
 127 001a 70BD     		pop	{r4, r5, r6, pc}
 128              	.LVL4:
 129              	.L12:
 130              	.LCFI4:
 131              		.cfi_restore_state
 132 001c 0446     		mov	r4, r0
 133              	.LBB2:
  61:Core/Src/i2c.c ****     /**I2C1 GPIO Configuration    
 134              		.loc 1 61 0
 135 001e 0025     		movs	r5, #0
 136 0020 0195     		str	r5, [sp, #4]
 137 0022 344E     		ldr	r6, .L15+4
 138 0024 336B     		ldr	r3, [r6, #48]
 139 0026 43F00203 		orr	r3, r3, #2
 140 002a 3363     		str	r3, [r6, #48]
 141 002c 336B     		ldr	r3, [r6, #48]
 142 002e 03F00203 		and	r3, r3, #2
 143 0032 0193     		str	r3, [sp, #4]
 144 0034 019B     		ldr	r3, [sp, #4]
 145              	.LBE2:
  66:Core/Src/i2c.c ****     GPIO_InitStruct.Mode = GPIO_MODE_AF_OD;
 146              		.loc 1 66 0
 147 0036 C023     		movs	r3, #192
 148 0038 0393     		str	r3, [sp, #12]
  67:Core/Src/i2c.c ****     GPIO_InitStruct.Pull = GPIO_PULLUP;
 149              		.loc 1 67 0
 150 003a 1223     		movs	r3, #18
 151 003c 0493     		str	r3, [sp, #16]
  68:Core/Src/i2c.c ****     GPIO_InitStruct.Speed = GPIO_SPEED_FREQ_VERY_HIGH;
 152              		.loc 1 68 0
 153 003e 0123     		movs	r3, #1
 154 0040 0593     		str	r3, [sp, #20]
  69:Core/Src/i2c.c ****     GPIO_InitStruct.Alternate = GPIO_AF4_I2C1;
 155              		.loc 1 69 0
 156 0042 0323     		movs	r3, #3
 157 0044 0693     		str	r3, [sp, #24]
  70:Core/Src/i2c.c ****     HAL_GPIO_Init(GPIOB, &GPIO_InitStruct);
 158              		.loc 1 70 0
 159 0046 0423     		movs	r3, #4
ARM GAS  /tmp/ccbxA6Kn.s 			page 6


 160 0048 0793     		str	r3, [sp, #28]
  71:Core/Src/i2c.c **** 
 161              		.loc 1 71 0
 162 004a 03A9     		add	r1, sp, #12
 163 004c 2A48     		ldr	r0, .L15+8
 164              	.LVL5:
 165 004e FFF7FEFF 		bl	HAL_GPIO_Init
 166              	.LVL6:
 167              	.LBB3:
  74:Core/Src/i2c.c ****   
 168              		.loc 1 74 0
 169 0052 0295     		str	r5, [sp, #8]
 170 0054 336C     		ldr	r3, [r6, #64]
 171 0056 43F40013 		orr	r3, r3, #2097152
 172 005a 3364     		str	r3, [r6, #64]
 173 005c 336C     		ldr	r3, [r6, #64]
 174 005e 03F40013 		and	r3, r3, #2097152
 175 0062 0293     		str	r3, [sp, #8]
 176 0064 029B     		ldr	r3, [sp, #8]
 177              	.LBE3:
  78:Core/Src/i2c.c ****     hdma_i2c1_rx.Init.Channel = DMA_CHANNEL_1;
 178              		.loc 1 78 0
 179 0066 2548     		ldr	r0, .L15+12
 180 0068 254B     		ldr	r3, .L15+16
 181 006a 0360     		str	r3, [r0]
  79:Core/Src/i2c.c ****     hdma_i2c1_rx.Init.Direction = DMA_PERIPH_TO_MEMORY;
 182              		.loc 1 79 0
 183 006c 4FF00073 		mov	r3, #33554432
 184 0070 4360     		str	r3, [r0, #4]
  80:Core/Src/i2c.c ****     hdma_i2c1_rx.Init.PeriphInc = DMA_PINC_DISABLE;
 185              		.loc 1 80 0
 186 0072 8560     		str	r5, [r0, #8]
  81:Core/Src/i2c.c ****     hdma_i2c1_rx.Init.MemInc = DMA_MINC_ENABLE;
 187              		.loc 1 81 0
 188 0074 C560     		str	r5, [r0, #12]
  82:Core/Src/i2c.c ****     hdma_i2c1_rx.Init.PeriphDataAlignment = DMA_PDATAALIGN_BYTE;
 189              		.loc 1 82 0
 190 0076 4FF48063 		mov	r3, #1024
 191 007a 0361     		str	r3, [r0, #16]
  83:Core/Src/i2c.c ****     hdma_i2c1_rx.Init.MemDataAlignment = DMA_MDATAALIGN_BYTE;
 192              		.loc 1 83 0
 193 007c 4561     		str	r5, [r0, #20]
  84:Core/Src/i2c.c ****     hdma_i2c1_rx.Init.Mode = DMA_NORMAL;
 194              		.loc 1 84 0
 195 007e 8561     		str	r5, [r0, #24]
  85:Core/Src/i2c.c ****     hdma_i2c1_rx.Init.Priority = DMA_PRIORITY_LOW;
 196              		.loc 1 85 0
 197 0080 C561     		str	r5, [r0, #28]
  86:Core/Src/i2c.c ****     hdma_i2c1_rx.Init.FIFOMode = DMA_FIFOMODE_DISABLE;
 198              		.loc 1 86 0
 199 0082 0562     		str	r5, [r0, #32]
  87:Core/Src/i2c.c ****     if (HAL_DMA_Init(&hdma_i2c1_rx) != HAL_OK)
 200              		.loc 1 87 0
 201 0084 4562     		str	r5, [r0, #36]
  88:Core/Src/i2c.c ****     {
 202              		.loc 1 88 0
 203 0086 FFF7FEFF 		bl	HAL_DMA_Init
ARM GAS  /tmp/ccbxA6Kn.s 			page 7


 204              	.LVL7:
 205 008a 58BB     		cbnz	r0, .L13
 206              	.L9:
  93:Core/Src/i2c.c **** 
 207              		.loc 1 93 0
 208 008c 1B4B     		ldr	r3, .L15+12
 209 008e A363     		str	r3, [r4, #56]
 210 0090 9C63     		str	r4, [r3, #56]
  96:Core/Src/i2c.c ****     hdma_i2c1_tx.Init.Channel = DMA_CHANNEL_1;
 211              		.loc 1 96 0
 212 0092 1C48     		ldr	r0, .L15+20
 213 0094 1C4B     		ldr	r3, .L15+24
 214 0096 0360     		str	r3, [r0]
  97:Core/Src/i2c.c ****     hdma_i2c1_tx.Init.Direction = DMA_MEMORY_TO_PERIPH;
 215              		.loc 1 97 0
 216 0098 4FF00073 		mov	r3, #33554432
 217 009c 4360     		str	r3, [r0, #4]
  98:Core/Src/i2c.c ****     hdma_i2c1_tx.Init.PeriphInc = DMA_PINC_DISABLE;
 218              		.loc 1 98 0
 219 009e 4023     		movs	r3, #64
 220 00a0 8360     		str	r3, [r0, #8]
  99:Core/Src/i2c.c ****     hdma_i2c1_tx.Init.MemInc = DMA_MINC_ENABLE;
 221              		.loc 1 99 0
 222 00a2 0023     		movs	r3, #0
 223 00a4 C360     		str	r3, [r0, #12]
 100:Core/Src/i2c.c ****     hdma_i2c1_tx.Init.PeriphDataAlignment = DMA_PDATAALIGN_BYTE;
 224              		.loc 1 100 0
 225 00a6 4FF48062 		mov	r2, #1024
 226 00aa 0261     		str	r2, [r0, #16]
 101:Core/Src/i2c.c ****     hdma_i2c1_tx.Init.MemDataAlignment = DMA_MDATAALIGN_BYTE;
 227              		.loc 1 101 0
 228 00ac 4361     		str	r3, [r0, #20]
 102:Core/Src/i2c.c ****     hdma_i2c1_tx.Init.Mode = DMA_NORMAL;
 229              		.loc 1 102 0
 230 00ae 8361     		str	r3, [r0, #24]
 103:Core/Src/i2c.c ****     hdma_i2c1_tx.Init.Priority = DMA_PRIORITY_LOW;
 231              		.loc 1 103 0
 232 00b0 C361     		str	r3, [r0, #28]
 104:Core/Src/i2c.c ****     hdma_i2c1_tx.Init.FIFOMode = DMA_FIFOMODE_DISABLE;
 233              		.loc 1 104 0
 234 00b2 0362     		str	r3, [r0, #32]
 105:Core/Src/i2c.c ****     if (HAL_DMA_Init(&hdma_i2c1_tx) != HAL_OK)
 235              		.loc 1 105 0
 236 00b4 4362     		str	r3, [r0, #36]
 106:Core/Src/i2c.c ****     {
 237              		.loc 1 106 0
 238 00b6 FFF7FEFF 		bl	HAL_DMA_Init
 239              	.LVL8:
 240 00ba B0B9     		cbnz	r0, .L14
 241              	.L10:
 111:Core/Src/i2c.c **** 
 242              		.loc 1 111 0
 243 00bc 114B     		ldr	r3, .L15+20
 244 00be 6363     		str	r3, [r4, #52]
 245 00c0 9C63     		str	r4, [r3, #56]
 114:Core/Src/i2c.c ****     HAL_NVIC_EnableIRQ(I2C1_EV_IRQn);
 246              		.loc 1 114 0
ARM GAS  /tmp/ccbxA6Kn.s 			page 8


 247 00c2 0022     		movs	r2, #0
 248 00c4 1146     		mov	r1, r2
 249 00c6 1F20     		movs	r0, #31
 250 00c8 FFF7FEFF 		bl	HAL_NVIC_SetPriority
 251              	.LVL9:
 115:Core/Src/i2c.c ****     HAL_NVIC_SetPriority(I2C1_ER_IRQn, 0, 0);
 252              		.loc 1 115 0
 253 00cc 1F20     		movs	r0, #31
 254 00ce FFF7FEFF 		bl	HAL_NVIC_EnableIRQ
 255              	.LVL10:
 116:Core/Src/i2c.c ****     HAL_NVIC_EnableIRQ(I2C1_ER_IRQn);
 256              		.loc 1 116 0
 257 00d2 0022     		movs	r2, #0
 258 00d4 1146     		mov	r1, r2
 259 00d6 2020     		movs	r0, #32
 260 00d8 FFF7FEFF 		bl	HAL_NVIC_SetPriority
 261              	.LVL11:
 117:Core/Src/i2c.c ****   /* USER CODE BEGIN I2C1_MspInit 1 */
 262              		.loc 1 117 0
 263 00dc 2020     		movs	r0, #32
 264 00de FFF7FEFF 		bl	HAL_NVIC_EnableIRQ
 265              	.LVL12:
 266              		.loc 1 122 0
 267 00e2 99E7     		b	.L7
 268              	.L13:
  90:Core/Src/i2c.c ****     }
 269              		.loc 1 90 0
 270 00e4 FFF7FEFF 		bl	Error_Handler
 271              	.LVL13:
 272 00e8 D0E7     		b	.L9
 273              	.L14:
 108:Core/Src/i2c.c ****     }
 274              		.loc 1 108 0
 275 00ea FFF7FEFF 		bl	Error_Handler
 276              	.LVL14:
 277 00ee E5E7     		b	.L10
 278              	.L16:
 279              		.align	2
 280              	.L15:
 281 00f0 00540040 		.word	1073763328
 282 00f4 00380240 		.word	1073887232
 283 00f8 00040240 		.word	1073873920
 284 00fc 00000000 		.word	hdma_i2c1_rx
 285 0100 10600240 		.word	1073897488
 286 0104 00000000 		.word	hdma_i2c1_tx
 287 0108 A0600240 		.word	1073897632
 288              		.cfi_endproc
 289              	.LFE767:
 291              		.section	.text.HAL_I2C_MspDeInit,"ax",%progbits
 292              		.align	1
 293              		.global	HAL_I2C_MspDeInit
 294              		.syntax unified
 295              		.thumb
 296              		.thumb_func
 297              		.fpu fpv4-sp-d16
 299              	HAL_I2C_MspDeInit:
 300              	.LFB768:
ARM GAS  /tmp/ccbxA6Kn.s 			page 9


 123:Core/Src/i2c.c **** 
 124:Core/Src/i2c.c **** void HAL_I2C_MspDeInit(I2C_HandleTypeDef* i2cHandle)
 125:Core/Src/i2c.c **** {
 301              		.loc 1 125 0
 302              		.cfi_startproc
 303              		@ args = 0, pretend = 0, frame = 0
 304              		@ frame_needed = 0, uses_anonymous_args = 0
 305              	.LVL15:
 126:Core/Src/i2c.c **** 
 127:Core/Src/i2c.c ****   if(i2cHandle->Instance==I2C1)
 306              		.loc 1 127 0
 307 0000 0268     		ldr	r2, [r0]
 308 0002 0E4B     		ldr	r3, .L24
 309 0004 9A42     		cmp	r2, r3
 310 0006 00D0     		beq	.L23
 311 0008 7047     		bx	lr
 312              	.L23:
 125:Core/Src/i2c.c **** 
 313              		.loc 1 125 0
 314 000a 10B5     		push	{r4, lr}
 315              	.LCFI5:
 316              		.cfi_def_cfa_offset 8
 317              		.cfi_offset 4, -8
 318              		.cfi_offset 14, -4
 319 000c 0446     		mov	r4, r0
 128:Core/Src/i2c.c ****   {
 129:Core/Src/i2c.c ****   /* USER CODE BEGIN I2C1_MspDeInit 0 */
 130:Core/Src/i2c.c **** 
 131:Core/Src/i2c.c ****   /* USER CODE END I2C1_MspDeInit 0 */
 132:Core/Src/i2c.c ****     /* Peripheral clock disable */
 133:Core/Src/i2c.c ****     __HAL_RCC_I2C1_CLK_DISABLE();
 320              		.loc 1 133 0
 321 000e 0C4A     		ldr	r2, .L24+4
 322 0010 136C     		ldr	r3, [r2, #64]
 323 0012 23F40013 		bic	r3, r3, #2097152
 324 0016 1364     		str	r3, [r2, #64]
 134:Core/Src/i2c.c ****   
 135:Core/Src/i2c.c ****     /**I2C1 GPIO Configuration    
 136:Core/Src/i2c.c ****     PB6     ------> I2C1_SCL
 137:Core/Src/i2c.c ****     PB7     ------> I2C1_SDA 
 138:Core/Src/i2c.c ****     */
 139:Core/Src/i2c.c ****     HAL_GPIO_DeInit(GPIOB, I2C_SCL_IMU_Pin|I2C_SDA_IMU_Pin);
 325              		.loc 1 139 0
 326 0018 C021     		movs	r1, #192
 327 001a 0A48     		ldr	r0, .L24+8
 328              	.LVL16:
 329 001c FFF7FEFF 		bl	HAL_GPIO_DeInit
 330              	.LVL17:
 140:Core/Src/i2c.c **** 
 141:Core/Src/i2c.c ****     /* I2C1 DMA DeInit */
 142:Core/Src/i2c.c ****     HAL_DMA_DeInit(i2cHandle->hdmarx);
 331              		.loc 1 142 0
 332 0020 A06B     		ldr	r0, [r4, #56]
 333 0022 FFF7FEFF 		bl	HAL_DMA_DeInit
 334              	.LVL18:
 143:Core/Src/i2c.c ****     HAL_DMA_DeInit(i2cHandle->hdmatx);
 335              		.loc 1 143 0
ARM GAS  /tmp/ccbxA6Kn.s 			page 10


 336 0026 606B     		ldr	r0, [r4, #52]
 337 0028 FFF7FEFF 		bl	HAL_DMA_DeInit
 338              	.LVL19:
 144:Core/Src/i2c.c **** 
 145:Core/Src/i2c.c ****     /* I2C1 interrupt Deinit */
 146:Core/Src/i2c.c ****     HAL_NVIC_DisableIRQ(I2C1_EV_IRQn);
 339              		.loc 1 146 0
 340 002c 1F20     		movs	r0, #31
 341 002e FFF7FEFF 		bl	HAL_NVIC_DisableIRQ
 342              	.LVL20:
 147:Core/Src/i2c.c ****     HAL_NVIC_DisableIRQ(I2C1_ER_IRQn);
 343              		.loc 1 147 0
 344 0032 2020     		movs	r0, #32
 345 0034 FFF7FEFF 		bl	HAL_NVIC_DisableIRQ
 346              	.LVL21:
 148:Core/Src/i2c.c ****   /* USER CODE BEGIN I2C1_MspDeInit 1 */
 149:Core/Src/i2c.c **** 
 150:Core/Src/i2c.c ****   /* USER CODE END I2C1_MspDeInit 1 */
 151:Core/Src/i2c.c ****   }
 152:Core/Src/i2c.c **** } 
 347              		.loc 1 152 0
 348 0038 10BD     		pop	{r4, pc}
 349              	.LVL22:
 350              	.L25:
 351 003a 00BF     		.align	2
 352              	.L24:
 353 003c 00540040 		.word	1073763328
 354 0040 00380240 		.word	1073887232
 355 0044 00040240 		.word	1073873920
 356              		.cfi_endproc
 357              	.LFE768:
 359              		.comm	hdma_i2c1_tx,96,4
 360              		.comm	hdma_i2c1_rx,96,4
 361              		.comm	hi2c1,84,4
 362              		.text
 363              	.Letext0:
 364              		.file 2 "/usr/include/newlib/machine/_default_types.h"
 365              		.file 3 "/usr/include/newlib/sys/_stdint.h"
 366              		.file 4 "Drivers/CMSIS/Include/core_cm4.h"
 367              		.file 5 "Drivers/CMSIS/Device/ST/STM32F4xx/Include/system_stm32f4xx.h"
 368              		.file 6 "Drivers/CMSIS/Device/ST/STM32F4xx/Include/stm32f413xx.h"
 369              		.file 7 "Drivers/STM32F4xx_HAL_Driver/Inc/stm32f4xx_hal_def.h"
 370              		.file 8 "Drivers/STM32F4xx_HAL_Driver/Inc/stm32f4xx_hal_gpio.h"
 371              		.file 9 "Drivers/STM32F4xx_HAL_Driver/Inc/stm32f4xx_hal_dma.h"
 372              		.file 10 "Drivers/STM32F4xx_HAL_Driver/Inc/stm32f4xx_hal_i2c.h"
 373              		.file 11 "Drivers/STM32F4xx_HAL_Driver/Inc/stm32f4xx_hal.h"
 374              		.file 12 "Core/Inc/i2c.h"
 375              		.file 13 "Drivers/STM32F4xx_HAL_Driver/Inc/stm32f4xx_ll_dma.h"
 376              		.file 14 "Drivers/STM32F4xx_HAL_Driver/Inc/stm32f4xx_hal_cortex.h"
 377              		.file 15 "Core/Inc/main.h"
ARM GAS  /tmp/ccbxA6Kn.s 			page 11


DEFINED SYMBOLS
                            *ABS*:0000000000000000 i2c.c
     /tmp/ccbxA6Kn.s:18     .text.MX_I2C1_Init:0000000000000000 $t
     /tmp/ccbxA6Kn.s:25     .text.MX_I2C1_Init:0000000000000000 MX_I2C1_Init
     /tmp/ccbxA6Kn.s:76     .text.MX_I2C1_Init:0000000000000030 $d
                            *COM*:0000000000000054 hi2c1
     /tmp/ccbxA6Kn.s:83     .text.HAL_I2C_MspInit:0000000000000000 $t
     /tmp/ccbxA6Kn.s:90     .text.HAL_I2C_MspInit:0000000000000000 HAL_I2C_MspInit
     /tmp/ccbxA6Kn.s:281    .text.HAL_I2C_MspInit:00000000000000f0 $d
                            *COM*:0000000000000060 hdma_i2c1_rx
                            *COM*:0000000000000060 hdma_i2c1_tx
     /tmp/ccbxA6Kn.s:292    .text.HAL_I2C_MspDeInit:0000000000000000 $t
     /tmp/ccbxA6Kn.s:299    .text.HAL_I2C_MspDeInit:0000000000000000 HAL_I2C_MspDeInit
     /tmp/ccbxA6Kn.s:353    .text.HAL_I2C_MspDeInit:000000000000003c $d

UNDEFINED SYMBOLS
HAL_I2C_Init
Error_Handler
HAL_GPIO_Init
HAL_DMA_Init
HAL_NVIC_SetPriority
HAL_NVIC_EnableIRQ
HAL_GPIO_DeInit
HAL_DMA_DeInit
HAL_NVIC_DisableIRQ
