ARM GAS  /tmp/ccITzzja.s 			page 1


   1              		.cpu cortex-m4
   2              		.eabi_attribute 27, 1
   3              		.eabi_attribute 28, 1
   4              		.eabi_attribute 20, 1
   5              		.eabi_attribute 21, 1
   6              		.eabi_attribute 23, 3
   7              		.eabi_attribute 24, 1
   8              		.eabi_attribute 25, 1
   9              		.eabi_attribute 26, 1
  10              		.eabi_attribute 30, 1
  11              		.eabi_attribute 34, 1
  12              		.eabi_attribute 18, 4
  13              		.file	"stm32f4xx_hal_timebase_tim.c"
  14              		.text
  15              	.Ltext0:
  16              		.cfi_sections	.debug_frame
  17              		.section	.text.HAL_InitTick,"ax",%progbits
  18              		.align	1
  19              		.global	HAL_InitTick
  20              		.syntax unified
  21              		.thumb
  22              		.thumb_func
  23              		.fpu fpv4-sp-d16
  25              	HAL_InitTick:
  26              	.LFB130:
  27              		.file 1 "Core/Src/stm32f4xx_hal_timebase_tim.c"
   1:Core/Src/stm32f4xx_hal_timebase_tim.c **** /* USER CODE BEGIN Header */
   2:Core/Src/stm32f4xx_hal_timebase_tim.c **** /**
   3:Core/Src/stm32f4xx_hal_timebase_tim.c ****   ******************************************************************************
   4:Core/Src/stm32f4xx_hal_timebase_tim.c ****   * @file    stm32f4xx_hal_timebase_TIM.c 
   5:Core/Src/stm32f4xx_hal_timebase_tim.c ****   * @brief   HAL time base based on the hardware TIM.
   6:Core/Src/stm32f4xx_hal_timebase_tim.c ****   ******************************************************************************
   7:Core/Src/stm32f4xx_hal_timebase_tim.c ****   * @attention
   8:Core/Src/stm32f4xx_hal_timebase_tim.c ****   *
   9:Core/Src/stm32f4xx_hal_timebase_tim.c ****   * <h2><center>&copy; Copyright (c) 2020 STMicroelectronics.
  10:Core/Src/stm32f4xx_hal_timebase_tim.c ****   * All rights reserved.</center></h2>
  11:Core/Src/stm32f4xx_hal_timebase_tim.c ****   *
  12:Core/Src/stm32f4xx_hal_timebase_tim.c ****   * This software component is licensed by ST under BSD 3-Clause license,
  13:Core/Src/stm32f4xx_hal_timebase_tim.c ****   * the "License"; You may not use this file except in compliance with the
  14:Core/Src/stm32f4xx_hal_timebase_tim.c ****   * License. You may obtain a copy of the License at:
  15:Core/Src/stm32f4xx_hal_timebase_tim.c ****   *                        opensource.org/licenses/BSD-3-Clause
  16:Core/Src/stm32f4xx_hal_timebase_tim.c ****   *
  17:Core/Src/stm32f4xx_hal_timebase_tim.c ****   ******************************************************************************
  18:Core/Src/stm32f4xx_hal_timebase_tim.c ****   */
  19:Core/Src/stm32f4xx_hal_timebase_tim.c **** /* USER CODE END Header */
  20:Core/Src/stm32f4xx_hal_timebase_tim.c **** 
  21:Core/Src/stm32f4xx_hal_timebase_tim.c **** /* Includes ------------------------------------------------------------------*/
  22:Core/Src/stm32f4xx_hal_timebase_tim.c **** #include "stm32f4xx_hal.h"
  23:Core/Src/stm32f4xx_hal_timebase_tim.c **** #include "stm32f4xx_hal_tim.h"
  24:Core/Src/stm32f4xx_hal_timebase_tim.c ****  
  25:Core/Src/stm32f4xx_hal_timebase_tim.c **** /* Private typedef -----------------------------------------------------------*/
  26:Core/Src/stm32f4xx_hal_timebase_tim.c **** /* Private define ------------------------------------------------------------*/
  27:Core/Src/stm32f4xx_hal_timebase_tim.c **** /* Private macro -------------------------------------------------------------*/
  28:Core/Src/stm32f4xx_hal_timebase_tim.c **** /* Private variables ---------------------------------------------------------*/
  29:Core/Src/stm32f4xx_hal_timebase_tim.c **** TIM_HandleTypeDef        htim2; 
  30:Core/Src/stm32f4xx_hal_timebase_tim.c **** /* Private function prototypes -----------------------------------------------*/
  31:Core/Src/stm32f4xx_hal_timebase_tim.c **** /* Private functions ---------------------------------------------------------*/
ARM GAS  /tmp/ccITzzja.s 			page 2


  32:Core/Src/stm32f4xx_hal_timebase_tim.c **** 
  33:Core/Src/stm32f4xx_hal_timebase_tim.c **** /**
  34:Core/Src/stm32f4xx_hal_timebase_tim.c ****   * @brief  This function configures the TIM2 as a time base source. 
  35:Core/Src/stm32f4xx_hal_timebase_tim.c ****   *         The time source is configured  to have 1ms time base with a dedicated 
  36:Core/Src/stm32f4xx_hal_timebase_tim.c ****   *         Tick interrupt priority. 
  37:Core/Src/stm32f4xx_hal_timebase_tim.c ****   * @note   This function is called  automatically at the beginning of program after
  38:Core/Src/stm32f4xx_hal_timebase_tim.c ****   *         reset by HAL_Init() or at any time when clock is configured, by HAL_RCC_ClockConfig(). 
  39:Core/Src/stm32f4xx_hal_timebase_tim.c ****   * @param  TickPriority: Tick interrupt priority.
  40:Core/Src/stm32f4xx_hal_timebase_tim.c ****   * @retval HAL status
  41:Core/Src/stm32f4xx_hal_timebase_tim.c ****   */
  42:Core/Src/stm32f4xx_hal_timebase_tim.c **** HAL_StatusTypeDef HAL_InitTick(uint32_t TickPriority)
  43:Core/Src/stm32f4xx_hal_timebase_tim.c **** {
  28              		.loc 1 43 0
  29              		.cfi_startproc
  30              		@ args = 0, pretend = 0, frame = 32
  31              		@ frame_needed = 0, uses_anonymous_args = 0
  32              	.LVL0:
  33 0000 10B5     		push	{r4, lr}
  34              	.LCFI0:
  35              		.cfi_def_cfa_offset 8
  36              		.cfi_offset 4, -8
  37              		.cfi_offset 14, -4
  38 0002 88B0     		sub	sp, sp, #32
  39              	.LCFI1:
  40              		.cfi_def_cfa_offset 40
  41              	.LVL1:
  44:Core/Src/stm32f4xx_hal_timebase_tim.c ****   RCC_ClkInitTypeDef    clkconfig;
  45:Core/Src/stm32f4xx_hal_timebase_tim.c ****   uint32_t              uwTimclock = 0;
  46:Core/Src/stm32f4xx_hal_timebase_tim.c ****   uint32_t              uwPrescalerValue = 0;
  47:Core/Src/stm32f4xx_hal_timebase_tim.c ****   uint32_t              pFLatency;
  48:Core/Src/stm32f4xx_hal_timebase_tim.c ****   
  49:Core/Src/stm32f4xx_hal_timebase_tim.c ****   /*Configure the TIM2 IRQ priority */
  50:Core/Src/stm32f4xx_hal_timebase_tim.c ****   HAL_NVIC_SetPriority(TIM2_IRQn, TickPriority ,0); 
  42              		.loc 1 50 0
  43 0004 0022     		movs	r2, #0
  44 0006 0146     		mov	r1, r0
  45 0008 1C20     		movs	r0, #28
  46              	.LVL2:
  47 000a FFF7FEFF 		bl	HAL_NVIC_SetPriority
  48              	.LVL3:
  51:Core/Src/stm32f4xx_hal_timebase_tim.c ****   
  52:Core/Src/stm32f4xx_hal_timebase_tim.c ****   /* Enable the TIM2 global Interrupt */
  53:Core/Src/stm32f4xx_hal_timebase_tim.c ****   HAL_NVIC_EnableIRQ(TIM2_IRQn); 
  49              		.loc 1 53 0
  50 000e 1C20     		movs	r0, #28
  51 0010 FFF7FEFF 		bl	HAL_NVIC_EnableIRQ
  52              	.LVL4:
  53              	.LBB2:
  54:Core/Src/stm32f4xx_hal_timebase_tim.c ****   
  55:Core/Src/stm32f4xx_hal_timebase_tim.c ****   /* Enable TIM2 clock */
  56:Core/Src/stm32f4xx_hal_timebase_tim.c ****   __HAL_RCC_TIM2_CLK_ENABLE();
  54              		.loc 1 56 0
  55 0014 0024     		movs	r4, #0
  56 0016 0194     		str	r4, [sp, #4]
  57 0018 144B     		ldr	r3, .L6
  58 001a 1A6C     		ldr	r2, [r3, #64]
  59 001c 42F00102 		orr	r2, r2, #1
ARM GAS  /tmp/ccITzzja.s 			page 3


  60 0020 1A64     		str	r2, [r3, #64]
  61 0022 1B6C     		ldr	r3, [r3, #64]
  62 0024 03F00103 		and	r3, r3, #1
  63 0028 0193     		str	r3, [sp, #4]
  64 002a 019B     		ldr	r3, [sp, #4]
  65              	.LBE2:
  57:Core/Src/stm32f4xx_hal_timebase_tim.c ****   
  58:Core/Src/stm32f4xx_hal_timebase_tim.c ****   /* Get clock configuration */
  59:Core/Src/stm32f4xx_hal_timebase_tim.c ****   HAL_RCC_GetClockConfig(&clkconfig, &pFLatency);
  66              		.loc 1 59 0
  67 002c 02A9     		add	r1, sp, #8
  68 002e 03A8     		add	r0, sp, #12
  69 0030 FFF7FEFF 		bl	HAL_RCC_GetClockConfig
  70              	.LVL5:
  60:Core/Src/stm32f4xx_hal_timebase_tim.c ****   
  61:Core/Src/stm32f4xx_hal_timebase_tim.c ****   /* Compute TIM2 clock */
  62:Core/Src/stm32f4xx_hal_timebase_tim.c ****   uwTimclock = 2*HAL_RCC_GetPCLK1Freq();
  71              		.loc 1 62 0
  72 0034 FFF7FEFF 		bl	HAL_RCC_GetPCLK1Freq
  73              	.LVL6:
  74 0038 4300     		lsls	r3, r0, #1
  75              	.LVL7:
  63:Core/Src/stm32f4xx_hal_timebase_tim.c ****    
  64:Core/Src/stm32f4xx_hal_timebase_tim.c ****   /* Compute the prescaler value to have TIM2 counter clock equal to 1MHz */
  65:Core/Src/stm32f4xx_hal_timebase_tim.c ****   uwPrescalerValue = (uint32_t) ((uwTimclock / 1000000) - 1);
  76              		.loc 1 65 0
  77 003a 0D48     		ldr	r0, .L6+4
  78 003c A0FB0323 		umull	r2, r3, r0, r3
  79              	.LVL8:
  80 0040 9B0C     		lsrs	r3, r3, #18
  81 0042 013B     		subs	r3, r3, #1
  82              	.LVL9:
  66:Core/Src/stm32f4xx_hal_timebase_tim.c ****   
  67:Core/Src/stm32f4xx_hal_timebase_tim.c ****   /* Initialize TIM2 */
  68:Core/Src/stm32f4xx_hal_timebase_tim.c ****   htim2.Instance = TIM2;
  83              		.loc 1 68 0
  84 0044 0B48     		ldr	r0, .L6+8
  85 0046 4FF08042 		mov	r2, #1073741824
  86 004a 0260     		str	r2, [r0]
  69:Core/Src/stm32f4xx_hal_timebase_tim.c ****   
  70:Core/Src/stm32f4xx_hal_timebase_tim.c ****   /* Initialize TIMx peripheral as follow:
  71:Core/Src/stm32f4xx_hal_timebase_tim.c ****   + Period = [(TIM2CLK/1000) - 1]. to have a (1/1000) s time base.
  72:Core/Src/stm32f4xx_hal_timebase_tim.c ****   + Prescaler = (uwTimclock/1000000 - 1) to have a 1MHz counter clock.
  73:Core/Src/stm32f4xx_hal_timebase_tim.c ****   + ClockDivision = 0
  74:Core/Src/stm32f4xx_hal_timebase_tim.c ****   + Counter direction = Up
  75:Core/Src/stm32f4xx_hal_timebase_tim.c ****   */
  76:Core/Src/stm32f4xx_hal_timebase_tim.c ****   htim2.Init.Period = (1000000 / 1000) - 1;
  87              		.loc 1 76 0
  88 004c 40F2E732 		movw	r2, #999
  89 0050 C260     		str	r2, [r0, #12]
  77:Core/Src/stm32f4xx_hal_timebase_tim.c ****   htim2.Init.Prescaler = uwPrescalerValue;
  90              		.loc 1 77 0
  91 0052 4360     		str	r3, [r0, #4]
  78:Core/Src/stm32f4xx_hal_timebase_tim.c ****   htim2.Init.ClockDivision = 0;
  92              		.loc 1 78 0
  93 0054 0461     		str	r4, [r0, #16]
  79:Core/Src/stm32f4xx_hal_timebase_tim.c ****   htim2.Init.CounterMode = TIM_COUNTERMODE_UP;
ARM GAS  /tmp/ccITzzja.s 			page 4


  94              		.loc 1 79 0
  95 0056 8460     		str	r4, [r0, #8]
  80:Core/Src/stm32f4xx_hal_timebase_tim.c ****   if(HAL_TIM_Base_Init(&htim2) == HAL_OK)
  96              		.loc 1 80 0
  97 0058 FFF7FEFF 		bl	HAL_TIM_Base_Init
  98              	.LVL10:
  99 005c 10B1     		cbz	r0, .L5
  81:Core/Src/stm32f4xx_hal_timebase_tim.c ****   {
  82:Core/Src/stm32f4xx_hal_timebase_tim.c ****     /* Start the TIM time Base generation in interrupt mode */
  83:Core/Src/stm32f4xx_hal_timebase_tim.c ****     return HAL_TIM_Base_Start_IT(&htim2);
  84:Core/Src/stm32f4xx_hal_timebase_tim.c ****   }
  85:Core/Src/stm32f4xx_hal_timebase_tim.c ****   
  86:Core/Src/stm32f4xx_hal_timebase_tim.c ****   /* Return function status */
  87:Core/Src/stm32f4xx_hal_timebase_tim.c ****   return HAL_ERROR;
 100              		.loc 1 87 0
 101 005e 0120     		movs	r0, #1
 102              	.L2:
  88:Core/Src/stm32f4xx_hal_timebase_tim.c **** }
 103              		.loc 1 88 0
 104 0060 08B0     		add	sp, sp, #32
 105              	.LCFI2:
 106              		.cfi_remember_state
 107              		.cfi_def_cfa_offset 8
 108              		@ sp needed
 109 0062 10BD     		pop	{r4, pc}
 110              	.L5:
 111              	.LCFI3:
 112              		.cfi_restore_state
  83:Core/Src/stm32f4xx_hal_timebase_tim.c ****   }
 113              		.loc 1 83 0
 114 0064 0348     		ldr	r0, .L6+8
 115 0066 FFF7FEFF 		bl	HAL_TIM_Base_Start_IT
 116              	.LVL11:
 117 006a F9E7     		b	.L2
 118              	.L7:
 119              		.align	2
 120              	.L6:
 121 006c 00380240 		.word	1073887232
 122 0070 83DE1B43 		.word	1125899907
 123 0074 00000000 		.word	htim2
 124              		.cfi_endproc
 125              	.LFE130:
 127              		.section	.text.HAL_SuspendTick,"ax",%progbits
 128              		.align	1
 129              		.global	HAL_SuspendTick
 130              		.syntax unified
 131              		.thumb
 132              		.thumb_func
 133              		.fpu fpv4-sp-d16
 135              	HAL_SuspendTick:
 136              	.LFB131:
  89:Core/Src/stm32f4xx_hal_timebase_tim.c **** 
  90:Core/Src/stm32f4xx_hal_timebase_tim.c **** /**
  91:Core/Src/stm32f4xx_hal_timebase_tim.c ****   * @brief  Suspend Tick increment.
  92:Core/Src/stm32f4xx_hal_timebase_tim.c ****   * @note   Disable the tick increment by disabling TIM2 update interrupt.
  93:Core/Src/stm32f4xx_hal_timebase_tim.c ****   * @param  None
  94:Core/Src/stm32f4xx_hal_timebase_tim.c ****   * @retval None
ARM GAS  /tmp/ccITzzja.s 			page 5


  95:Core/Src/stm32f4xx_hal_timebase_tim.c ****   */
  96:Core/Src/stm32f4xx_hal_timebase_tim.c **** void HAL_SuspendTick(void)
  97:Core/Src/stm32f4xx_hal_timebase_tim.c **** {
 137              		.loc 1 97 0
 138              		.cfi_startproc
 139              		@ args = 0, pretend = 0, frame = 0
 140              		@ frame_needed = 0, uses_anonymous_args = 0
 141              		@ link register save eliminated.
  98:Core/Src/stm32f4xx_hal_timebase_tim.c ****   /* Disable TIM2 update Interrupt */
  99:Core/Src/stm32f4xx_hal_timebase_tim.c ****   __HAL_TIM_DISABLE_IT(&htim2, TIM_IT_UPDATE);                                                  
 142              		.loc 1 99 0
 143 0000 034B     		ldr	r3, .L9
 144 0002 1A68     		ldr	r2, [r3]
 145 0004 D368     		ldr	r3, [r2, #12]
 146 0006 23F00103 		bic	r3, r3, #1
 147 000a D360     		str	r3, [r2, #12]
 100:Core/Src/stm32f4xx_hal_timebase_tim.c **** }
 148              		.loc 1 100 0
 149 000c 7047     		bx	lr
 150              	.L10:
 151 000e 00BF     		.align	2
 152              	.L9:
 153 0010 00000000 		.word	htim2
 154              		.cfi_endproc
 155              	.LFE131:
 157              		.section	.text.HAL_ResumeTick,"ax",%progbits
 158              		.align	1
 159              		.global	HAL_ResumeTick
 160              		.syntax unified
 161              		.thumb
 162              		.thumb_func
 163              		.fpu fpv4-sp-d16
 165              	HAL_ResumeTick:
 166              	.LFB132:
 101:Core/Src/stm32f4xx_hal_timebase_tim.c **** 
 102:Core/Src/stm32f4xx_hal_timebase_tim.c **** /**
 103:Core/Src/stm32f4xx_hal_timebase_tim.c ****   * @brief  Resume Tick increment.
 104:Core/Src/stm32f4xx_hal_timebase_tim.c ****   * @note   Enable the tick increment by Enabling TIM2 update interrupt.
 105:Core/Src/stm32f4xx_hal_timebase_tim.c ****   * @param  None
 106:Core/Src/stm32f4xx_hal_timebase_tim.c ****   * @retval None
 107:Core/Src/stm32f4xx_hal_timebase_tim.c ****   */
 108:Core/Src/stm32f4xx_hal_timebase_tim.c **** void HAL_ResumeTick(void)
 109:Core/Src/stm32f4xx_hal_timebase_tim.c **** {
 167              		.loc 1 109 0
 168              		.cfi_startproc
 169              		@ args = 0, pretend = 0, frame = 0
 170              		@ frame_needed = 0, uses_anonymous_args = 0
 171              		@ link register save eliminated.
 110:Core/Src/stm32f4xx_hal_timebase_tim.c ****   /* Enable TIM2 Update interrupt */
 111:Core/Src/stm32f4xx_hal_timebase_tim.c ****   __HAL_TIM_ENABLE_IT(&htim2, TIM_IT_UPDATE);
 172              		.loc 1 111 0
 173 0000 034B     		ldr	r3, .L12
 174 0002 1A68     		ldr	r2, [r3]
 175 0004 D368     		ldr	r3, [r2, #12]
 176 0006 43F00103 		orr	r3, r3, #1
 177 000a D360     		str	r3, [r2, #12]
 112:Core/Src/stm32f4xx_hal_timebase_tim.c **** }
ARM GAS  /tmp/ccITzzja.s 			page 6


 178              		.loc 1 112 0
 179 000c 7047     		bx	lr
 180              	.L13:
 181 000e 00BF     		.align	2
 182              	.L12:
 183 0010 00000000 		.word	htim2
 184              		.cfi_endproc
 185              	.LFE132:
 187              		.comm	htim2,64,4
 188              		.text
 189              	.Letext0:
 190              		.file 2 "/usr/include/newlib/machine/_default_types.h"
 191              		.file 3 "/usr/include/newlib/sys/_stdint.h"
 192              		.file 4 "Drivers/CMSIS/Include/core_cm4.h"
 193              		.file 5 "Drivers/CMSIS/Device/ST/STM32F4xx/Include/system_stm32f4xx.h"
 194              		.file 6 "Drivers/CMSIS/Device/ST/STM32F4xx/Include/stm32f413xx.h"
 195              		.file 7 "Drivers/STM32F4xx_HAL_Driver/Inc/stm32f4xx_hal_def.h"
 196              		.file 8 "Drivers/STM32F4xx_HAL_Driver/Inc/stm32f4xx_hal_rcc.h"
 197              		.file 9 "Drivers/STM32F4xx_HAL_Driver/Inc/stm32f4xx_hal_dma.h"
 198              		.file 10 "Drivers/STM32F4xx_HAL_Driver/Inc/stm32f4xx_hal_tim.h"
 199              		.file 11 "Drivers/STM32F4xx_HAL_Driver/Inc/stm32f4xx_hal.h"
 200              		.file 12 "Drivers/STM32F4xx_HAL_Driver/Inc/stm32f4xx_hal_cortex.h"
ARM GAS  /tmp/ccITzzja.s 			page 7


DEFINED SYMBOLS
                            *ABS*:0000000000000000 stm32f4xx_hal_timebase_tim.c
     /tmp/ccITzzja.s:18     .text.HAL_InitTick:0000000000000000 $t
     /tmp/ccITzzja.s:25     .text.HAL_InitTick:0000000000000000 HAL_InitTick
     /tmp/ccITzzja.s:121    .text.HAL_InitTick:000000000000006c $d
                            *COM*:0000000000000040 htim2
     /tmp/ccITzzja.s:128    .text.HAL_SuspendTick:0000000000000000 $t
     /tmp/ccITzzja.s:135    .text.HAL_SuspendTick:0000000000000000 HAL_SuspendTick
     /tmp/ccITzzja.s:153    .text.HAL_SuspendTick:0000000000000010 $d
     /tmp/ccITzzja.s:158    .text.HAL_ResumeTick:0000000000000000 $t
     /tmp/ccITzzja.s:165    .text.HAL_ResumeTick:0000000000000000 HAL_ResumeTick
     /tmp/ccITzzja.s:183    .text.HAL_ResumeTick:0000000000000010 $d

UNDEFINED SYMBOLS
HAL_NVIC_SetPriority
HAL_NVIC_EnableIRQ
HAL_RCC_GetClockConfig
HAL_RCC_GetPCLK1Freq
HAL_TIM_Base_Init
HAL_TIM_Base_Start_IT
