ARM GAS  /tmp/ccrCakMN.s 			page 1


   1              		.cpu cortex-m4
   2              		.eabi_attribute 27, 1
   3              		.eabi_attribute 28, 1
   4              		.eabi_attribute 20, 1
   5              		.eabi_attribute 21, 1
   6              		.eabi_attribute 23, 3
   7              		.eabi_attribute 24, 1
   8              		.eabi_attribute 25, 1
   9              		.eabi_attribute 26, 1
  10              		.eabi_attribute 30, 1
  11              		.eabi_attribute 34, 1
  12              		.eabi_attribute 18, 4
  13              		.file	"system_stm32f4xx.c"
  14              		.text
  15              	.Ltext0:
  16              		.cfi_sections	.debug_frame
  17              		.section	.text.SystemInit,"ax",%progbits
  18              		.align	1
  19              		.global	SystemInit
  20              		.syntax unified
  21              		.thumb
  22              		.thumb_func
  23              		.fpu fpv4-sp-d16
  25              	SystemInit:
  26              	.LFB130:
  27              		.file 1 "Core/Src/system_stm32f4xx.c"
   1:Core/Src/system_stm32f4xx.c **** /**
   2:Core/Src/system_stm32f4xx.c ****   ******************************************************************************
   3:Core/Src/system_stm32f4xx.c ****   * @file    system_stm32f4xx.c
   4:Core/Src/system_stm32f4xx.c ****   * @author  MCD Application Team
   5:Core/Src/system_stm32f4xx.c ****   * @brief   CMSIS Cortex-M4 Device Peripheral Access Layer System Source File.
   6:Core/Src/system_stm32f4xx.c ****   *
   7:Core/Src/system_stm32f4xx.c ****   *   This file provides two functions and one global variable to be called from 
   8:Core/Src/system_stm32f4xx.c ****   *   user application:
   9:Core/Src/system_stm32f4xx.c ****   *      - SystemInit(): This function is called at startup just after reset and 
  10:Core/Src/system_stm32f4xx.c ****   *                      before branch to main program. This call is made inside
  11:Core/Src/system_stm32f4xx.c ****   *                      the "startup_stm32f4xx.s" file.
  12:Core/Src/system_stm32f4xx.c ****   *
  13:Core/Src/system_stm32f4xx.c ****   *      - SystemCoreClock variable: Contains the core clock (HCLK), it can be used
  14:Core/Src/system_stm32f4xx.c ****   *                                  by the user application to setup the SysTick 
  15:Core/Src/system_stm32f4xx.c ****   *                                  timer or configure other parameters.
  16:Core/Src/system_stm32f4xx.c ****   *                                     
  17:Core/Src/system_stm32f4xx.c ****   *      - SystemCoreClockUpdate(): Updates the variable SystemCoreClock and must
  18:Core/Src/system_stm32f4xx.c ****   *                                 be called whenever the core clock is changed
  19:Core/Src/system_stm32f4xx.c ****   *                                 during program execution.
  20:Core/Src/system_stm32f4xx.c ****   *
  21:Core/Src/system_stm32f4xx.c ****   *
  22:Core/Src/system_stm32f4xx.c ****   ******************************************************************************
  23:Core/Src/system_stm32f4xx.c ****   * @attention
  24:Core/Src/system_stm32f4xx.c ****   *
  25:Core/Src/system_stm32f4xx.c ****   * <h2><center>&copy; COPYRIGHT 2017 STMicroelectronics</center></h2>
  26:Core/Src/system_stm32f4xx.c ****   *
  27:Core/Src/system_stm32f4xx.c ****   * Redistribution and use in source and binary forms, with or without modification,
  28:Core/Src/system_stm32f4xx.c ****   * are permitted provided that the following conditions are met:
  29:Core/Src/system_stm32f4xx.c ****   *   1. Redistributions of source code must retain the above copyright notice,
  30:Core/Src/system_stm32f4xx.c ****   *      this list of conditions and the following disclaimer.
  31:Core/Src/system_stm32f4xx.c ****   *   2. Redistributions in binary form must reproduce the above copyright notice,
ARM GAS  /tmp/ccrCakMN.s 			page 2


  32:Core/Src/system_stm32f4xx.c ****   *      this list of conditions and the following disclaimer in the documentation
  33:Core/Src/system_stm32f4xx.c ****   *      and/or other materials provided with the distribution.
  34:Core/Src/system_stm32f4xx.c ****   *   3. Neither the name of STMicroelectronics nor the names of its contributors
  35:Core/Src/system_stm32f4xx.c ****   *      may be used to endorse or promote products derived from this software
  36:Core/Src/system_stm32f4xx.c ****   *      without specific prior written permission.
  37:Core/Src/system_stm32f4xx.c ****   *
  38:Core/Src/system_stm32f4xx.c ****   * THIS SOFTWARE IS PROVIDED BY THE COPYRIGHT HOLDERS AND CONTRIBUTORS "AS IS"
  39:Core/Src/system_stm32f4xx.c ****   * AND ANY EXPRESS OR IMPLIED WARRANTIES, INCLUDING, BUT NOT LIMITED TO, THE
  40:Core/Src/system_stm32f4xx.c ****   * IMPLIED WARRANTIES OF MERCHANTABILITY AND FITNESS FOR A PARTICULAR PURPOSE ARE
  41:Core/Src/system_stm32f4xx.c ****   * DISCLAIMED. IN NO EVENT SHALL THE COPYRIGHT HOLDER OR CONTRIBUTORS BE LIABLE
  42:Core/Src/system_stm32f4xx.c ****   * FOR ANY DIRECT, INDIRECT, INCIDENTAL, SPECIAL, EXEMPLARY, OR CONSEQUENTIAL
  43:Core/Src/system_stm32f4xx.c ****   * DAMAGES (INCLUDING, BUT NOT LIMITED TO, PROCUREMENT OF SUBSTITUTE GOODS OR
  44:Core/Src/system_stm32f4xx.c ****   * SERVICES; LOSS OF USE, DATA, OR PROFITS; OR BUSINESS INTERRUPTION) HOWEVER
  45:Core/Src/system_stm32f4xx.c ****   * CAUSED AND ON ANY THEORY OF LIABILITY, WHETHER IN CONTRACT, STRICT LIABILITY,
  46:Core/Src/system_stm32f4xx.c ****   * OR TORT (INCLUDING NEGLIGENCE OR OTHERWISE) ARISING IN ANY WAY OUT OF THE USE
  47:Core/Src/system_stm32f4xx.c ****   * OF THIS SOFTWARE, EVEN IF ADVISED OF THE POSSIBILITY OF SUCH DAMAGE.
  48:Core/Src/system_stm32f4xx.c ****   *
  49:Core/Src/system_stm32f4xx.c ****   ******************************************************************************
  50:Core/Src/system_stm32f4xx.c ****   */
  51:Core/Src/system_stm32f4xx.c **** 
  52:Core/Src/system_stm32f4xx.c **** /** @addtogroup CMSIS
  53:Core/Src/system_stm32f4xx.c ****   * @{
  54:Core/Src/system_stm32f4xx.c ****   */
  55:Core/Src/system_stm32f4xx.c **** 
  56:Core/Src/system_stm32f4xx.c **** /** @addtogroup stm32f4xx_system
  57:Core/Src/system_stm32f4xx.c ****   * @{
  58:Core/Src/system_stm32f4xx.c ****   */  
  59:Core/Src/system_stm32f4xx.c ****   
  60:Core/Src/system_stm32f4xx.c **** /** @addtogroup STM32F4xx_System_Private_Includes
  61:Core/Src/system_stm32f4xx.c ****   * @{
  62:Core/Src/system_stm32f4xx.c ****   */
  63:Core/Src/system_stm32f4xx.c **** 
  64:Core/Src/system_stm32f4xx.c **** 
  65:Core/Src/system_stm32f4xx.c **** #include "stm32f4xx.h"
  66:Core/Src/system_stm32f4xx.c **** 
  67:Core/Src/system_stm32f4xx.c **** #if !defined  (HSE_VALUE) 
  68:Core/Src/system_stm32f4xx.c ****   #define HSE_VALUE    ((uint32_t)25000000) /*!< Default value of the External oscillator in Hz */
  69:Core/Src/system_stm32f4xx.c **** #endif /* HSE_VALUE */
  70:Core/Src/system_stm32f4xx.c **** 
  71:Core/Src/system_stm32f4xx.c **** #if !defined  (HSI_VALUE)
  72:Core/Src/system_stm32f4xx.c ****   #define HSI_VALUE    ((uint32_t)16000000) /*!< Value of the Internal oscillator in Hz*/
  73:Core/Src/system_stm32f4xx.c **** #endif /* HSI_VALUE */
  74:Core/Src/system_stm32f4xx.c **** 
  75:Core/Src/system_stm32f4xx.c **** /**
  76:Core/Src/system_stm32f4xx.c ****   * @}
  77:Core/Src/system_stm32f4xx.c ****   */
  78:Core/Src/system_stm32f4xx.c **** 
  79:Core/Src/system_stm32f4xx.c **** /** @addtogroup STM32F4xx_System_Private_TypesDefinitions
  80:Core/Src/system_stm32f4xx.c ****   * @{
  81:Core/Src/system_stm32f4xx.c ****   */
  82:Core/Src/system_stm32f4xx.c **** 
  83:Core/Src/system_stm32f4xx.c **** /**
  84:Core/Src/system_stm32f4xx.c ****   * @}
  85:Core/Src/system_stm32f4xx.c ****   */
  86:Core/Src/system_stm32f4xx.c **** 
  87:Core/Src/system_stm32f4xx.c **** /** @addtogroup STM32F4xx_System_Private_Defines
  88:Core/Src/system_stm32f4xx.c ****   * @{
ARM GAS  /tmp/ccrCakMN.s 			page 3


  89:Core/Src/system_stm32f4xx.c ****   */
  90:Core/Src/system_stm32f4xx.c **** 
  91:Core/Src/system_stm32f4xx.c **** /************************* Miscellaneous Configuration ************************/
  92:Core/Src/system_stm32f4xx.c **** /*!< Uncomment the following line if you need to use external SRAM or SDRAM as data memory  */
  93:Core/Src/system_stm32f4xx.c **** #if defined(STM32F405xx) || defined(STM32F415xx) || defined(STM32F407xx) || defined(STM32F417xx)\
  94:Core/Src/system_stm32f4xx.c ****  || defined(STM32F427xx) || defined(STM32F437xx) || defined(STM32F429xx) || defined(STM32F439xx)\
  95:Core/Src/system_stm32f4xx.c ****  || defined(STM32F469xx) || defined(STM32F479xx) || defined(STM32F412Zx) || defined(STM32F412Vx)
  96:Core/Src/system_stm32f4xx.c **** /* #define DATA_IN_ExtSRAM */
  97:Core/Src/system_stm32f4xx.c **** #endif /* STM32F40xxx || STM32F41xxx || STM32F42xxx || STM32F43xxx || STM32F469xx || STM32F479xx ||
  98:Core/Src/system_stm32f4xx.c ****           STM32F412Zx || STM32F412Vx */
  99:Core/Src/system_stm32f4xx.c ****  
 100:Core/Src/system_stm32f4xx.c **** #if defined(STM32F427xx) || defined(STM32F437xx) || defined(STM32F429xx) || defined(STM32F439xx)\
 101:Core/Src/system_stm32f4xx.c ****  || defined(STM32F446xx) || defined(STM32F469xx) || defined(STM32F479xx)
 102:Core/Src/system_stm32f4xx.c **** /* #define DATA_IN_ExtSDRAM */
 103:Core/Src/system_stm32f4xx.c **** #endif /* STM32F427xx || STM32F437xx || STM32F429xx || STM32F439xx || STM32F446xx || STM32F469xx ||
 104:Core/Src/system_stm32f4xx.c ****           STM32F479xx */
 105:Core/Src/system_stm32f4xx.c **** 
 106:Core/Src/system_stm32f4xx.c **** /*!< Uncomment the following line if you need to relocate your vector Table in
 107:Core/Src/system_stm32f4xx.c ****      Internal SRAM. */
 108:Core/Src/system_stm32f4xx.c **** /* #define VECT_TAB_SRAM */
 109:Core/Src/system_stm32f4xx.c **** #define VECT_TAB_OFFSET  0x00 /*!< Vector Table base offset field. 
 110:Core/Src/system_stm32f4xx.c ****                                    This value must be a multiple of 0x200. */
 111:Core/Src/system_stm32f4xx.c **** /******************************************************************************/
 112:Core/Src/system_stm32f4xx.c **** 
 113:Core/Src/system_stm32f4xx.c **** /**
 114:Core/Src/system_stm32f4xx.c ****   * @}
 115:Core/Src/system_stm32f4xx.c ****   */
 116:Core/Src/system_stm32f4xx.c **** 
 117:Core/Src/system_stm32f4xx.c **** /** @addtogroup STM32F4xx_System_Private_Macros
 118:Core/Src/system_stm32f4xx.c ****   * @{
 119:Core/Src/system_stm32f4xx.c ****   */
 120:Core/Src/system_stm32f4xx.c **** 
 121:Core/Src/system_stm32f4xx.c **** /**
 122:Core/Src/system_stm32f4xx.c ****   * @}
 123:Core/Src/system_stm32f4xx.c ****   */
 124:Core/Src/system_stm32f4xx.c **** 
 125:Core/Src/system_stm32f4xx.c **** /** @addtogroup STM32F4xx_System_Private_Variables
 126:Core/Src/system_stm32f4xx.c ****   * @{
 127:Core/Src/system_stm32f4xx.c ****   */
 128:Core/Src/system_stm32f4xx.c ****   /* This variable is updated in three ways:
 129:Core/Src/system_stm32f4xx.c ****       1) by calling CMSIS function SystemCoreClockUpdate()
 130:Core/Src/system_stm32f4xx.c ****       2) by calling HAL API function HAL_RCC_GetHCLKFreq()
 131:Core/Src/system_stm32f4xx.c ****       3) each time HAL_RCC_ClockConfig() is called to configure the system clock frequency 
 132:Core/Src/system_stm32f4xx.c ****          Note: If you use this function to configure the system clock; then there
 133:Core/Src/system_stm32f4xx.c ****                is no need to call the 2 first functions listed above, since SystemCoreClock
 134:Core/Src/system_stm32f4xx.c ****                variable is updated automatically.
 135:Core/Src/system_stm32f4xx.c ****   */
 136:Core/Src/system_stm32f4xx.c **** uint32_t SystemCoreClock = 16000000;
 137:Core/Src/system_stm32f4xx.c **** const uint8_t AHBPrescTable[16] = {0, 0, 0, 0, 0, 0, 0, 0, 1, 2, 3, 4, 6, 7, 8, 9};
 138:Core/Src/system_stm32f4xx.c **** const uint8_t APBPrescTable[8]  = {0, 0, 0, 0, 1, 2, 3, 4};
 139:Core/Src/system_stm32f4xx.c **** /**
 140:Core/Src/system_stm32f4xx.c ****   * @}
 141:Core/Src/system_stm32f4xx.c ****   */
 142:Core/Src/system_stm32f4xx.c **** 
 143:Core/Src/system_stm32f4xx.c **** /** @addtogroup STM32F4xx_System_Private_FunctionPrototypes
 144:Core/Src/system_stm32f4xx.c ****   * @{
 145:Core/Src/system_stm32f4xx.c ****   */
ARM GAS  /tmp/ccrCakMN.s 			page 4


 146:Core/Src/system_stm32f4xx.c **** 
 147:Core/Src/system_stm32f4xx.c **** #if defined (DATA_IN_ExtSRAM) || defined (DATA_IN_ExtSDRAM)
 148:Core/Src/system_stm32f4xx.c ****   static void SystemInit_ExtMemCtl(void); 
 149:Core/Src/system_stm32f4xx.c **** #endif /* DATA_IN_ExtSRAM || DATA_IN_ExtSDRAM */
 150:Core/Src/system_stm32f4xx.c **** 
 151:Core/Src/system_stm32f4xx.c **** /**
 152:Core/Src/system_stm32f4xx.c ****   * @}
 153:Core/Src/system_stm32f4xx.c ****   */
 154:Core/Src/system_stm32f4xx.c **** 
 155:Core/Src/system_stm32f4xx.c **** /** @addtogroup STM32F4xx_System_Private_Functions
 156:Core/Src/system_stm32f4xx.c ****   * @{
 157:Core/Src/system_stm32f4xx.c ****   */
 158:Core/Src/system_stm32f4xx.c **** 
 159:Core/Src/system_stm32f4xx.c **** /**
 160:Core/Src/system_stm32f4xx.c ****   * @brief  Setup the microcontroller system
 161:Core/Src/system_stm32f4xx.c ****   *         Initialize the FPU setting, vector table location and External memory 
 162:Core/Src/system_stm32f4xx.c ****   *         configuration.
 163:Core/Src/system_stm32f4xx.c ****   * @param  None
 164:Core/Src/system_stm32f4xx.c ****   * @retval None
 165:Core/Src/system_stm32f4xx.c ****   */
 166:Core/Src/system_stm32f4xx.c **** void SystemInit(void)
 167:Core/Src/system_stm32f4xx.c **** {
  28              		.loc 1 167 0
  29              		.cfi_startproc
  30              		@ args = 0, pretend = 0, frame = 0
  31              		@ frame_needed = 0, uses_anonymous_args = 0
  32              		@ link register save eliminated.
 168:Core/Src/system_stm32f4xx.c ****   /* FPU settings ------------------------------------------------------------*/
 169:Core/Src/system_stm32f4xx.c ****   #if (__FPU_PRESENT == 1) && (__FPU_USED == 1)
 170:Core/Src/system_stm32f4xx.c ****     SCB->CPACR |= ((3UL << 10*2)|(3UL << 11*2));  /* set CP10 and CP11 Full Access */
  33              		.loc 1 170 0
  34 0000 054B     		ldr	r3, .L2
  35 0002 D3F88820 		ldr	r2, [r3, #136]
  36 0006 42F47002 		orr	r2, r2, #15728640
  37 000a C3F88820 		str	r2, [r3, #136]
 171:Core/Src/system_stm32f4xx.c ****   #endif
 172:Core/Src/system_stm32f4xx.c **** 
 173:Core/Src/system_stm32f4xx.c **** #if defined (DATA_IN_ExtSRAM) || defined (DATA_IN_ExtSDRAM)
 174:Core/Src/system_stm32f4xx.c ****   SystemInit_ExtMemCtl(); 
 175:Core/Src/system_stm32f4xx.c **** #endif /* DATA_IN_ExtSRAM || DATA_IN_ExtSDRAM */
 176:Core/Src/system_stm32f4xx.c **** 
 177:Core/Src/system_stm32f4xx.c ****   /* Configure the Vector Table location add offset address ------------------*/
 178:Core/Src/system_stm32f4xx.c **** #ifdef VECT_TAB_SRAM
 179:Core/Src/system_stm32f4xx.c ****   SCB->VTOR = SRAM_BASE | VECT_TAB_OFFSET; /* Vector Table Relocation in Internal SRAM */
 180:Core/Src/system_stm32f4xx.c **** #else
 181:Core/Src/system_stm32f4xx.c ****   SCB->VTOR = FLASH_BASE | VECT_TAB_OFFSET; /* Vector Table Relocation in Internal FLASH */
  38              		.loc 1 181 0
  39 000e 4FF00062 		mov	r2, #134217728
  40 0012 9A60     		str	r2, [r3, #8]
 182:Core/Src/system_stm32f4xx.c **** #endif
 183:Core/Src/system_stm32f4xx.c **** }
  41              		.loc 1 183 0
  42 0014 7047     		bx	lr
  43              	.L3:
  44 0016 00BF     		.align	2
  45              	.L2:
  46 0018 00ED00E0 		.word	-536810240
ARM GAS  /tmp/ccrCakMN.s 			page 5


  47              		.cfi_endproc
  48              	.LFE130:
  50              		.section	.text.SystemCoreClockUpdate,"ax",%progbits
  51              		.align	1
  52              		.global	SystemCoreClockUpdate
  53              		.syntax unified
  54              		.thumb
  55              		.thumb_func
  56              		.fpu fpv4-sp-d16
  58              	SystemCoreClockUpdate:
  59              	.LFB131:
 184:Core/Src/system_stm32f4xx.c **** 
 185:Core/Src/system_stm32f4xx.c **** /**
 186:Core/Src/system_stm32f4xx.c ****    * @brief  Update SystemCoreClock variable according to Clock Register Values.
 187:Core/Src/system_stm32f4xx.c ****   *         The SystemCoreClock variable contains the core clock (HCLK), it can
 188:Core/Src/system_stm32f4xx.c ****   *         be used by the user application to setup the SysTick timer or configure
 189:Core/Src/system_stm32f4xx.c ****   *         other parameters.
 190:Core/Src/system_stm32f4xx.c ****   *           
 191:Core/Src/system_stm32f4xx.c ****   * @note   Each time the core clock (HCLK) changes, this function must be called
 192:Core/Src/system_stm32f4xx.c ****   *         to update SystemCoreClock variable value. Otherwise, any configuration
 193:Core/Src/system_stm32f4xx.c ****   *         based on this variable will be incorrect.         
 194:Core/Src/system_stm32f4xx.c ****   *     
 195:Core/Src/system_stm32f4xx.c ****   * @note   - The system frequency computed by this function is not the real 
 196:Core/Src/system_stm32f4xx.c ****   *           frequency in the chip. It is calculated based on the predefined 
 197:Core/Src/system_stm32f4xx.c ****   *           constant and the selected clock source:
 198:Core/Src/system_stm32f4xx.c ****   *             
 199:Core/Src/system_stm32f4xx.c ****   *           - If SYSCLK source is HSI, SystemCoreClock will contain the HSI_VALUE(*)
 200:Core/Src/system_stm32f4xx.c ****   *                                              
 201:Core/Src/system_stm32f4xx.c ****   *           - If SYSCLK source is HSE, SystemCoreClock will contain the HSE_VALUE(**)
 202:Core/Src/system_stm32f4xx.c ****   *                          
 203:Core/Src/system_stm32f4xx.c ****   *           - If SYSCLK source is PLL, SystemCoreClock will contain the HSE_VALUE(**) 
 204:Core/Src/system_stm32f4xx.c ****   *             or HSI_VALUE(*) multiplied/divided by the PLL factors.
 205:Core/Src/system_stm32f4xx.c ****   *         
 206:Core/Src/system_stm32f4xx.c ****   *         (*) HSI_VALUE is a constant defined in stm32f4xx_hal_conf.h file (default value
 207:Core/Src/system_stm32f4xx.c ****   *             16 MHz) but the real value may vary depending on the variations
 208:Core/Src/system_stm32f4xx.c ****   *             in voltage and temperature.   
 209:Core/Src/system_stm32f4xx.c ****   *    
 210:Core/Src/system_stm32f4xx.c ****   *         (**) HSE_VALUE is a constant defined in stm32f4xx_hal_conf.h file (its value
 211:Core/Src/system_stm32f4xx.c ****   *              depends on the application requirements), user has to ensure that HSE_VALUE
 212:Core/Src/system_stm32f4xx.c ****   *              is same as the real frequency of the crystal used. Otherwise, this function
 213:Core/Src/system_stm32f4xx.c ****   *              may have wrong result.
 214:Core/Src/system_stm32f4xx.c ****   *                
 215:Core/Src/system_stm32f4xx.c ****   *         - The result of this function could be not correct when using fractional
 216:Core/Src/system_stm32f4xx.c ****   *           value for HSE crystal.
 217:Core/Src/system_stm32f4xx.c ****   *     
 218:Core/Src/system_stm32f4xx.c ****   * @param  None
 219:Core/Src/system_stm32f4xx.c ****   * @retval None
 220:Core/Src/system_stm32f4xx.c ****   */
 221:Core/Src/system_stm32f4xx.c **** void SystemCoreClockUpdate(void)
 222:Core/Src/system_stm32f4xx.c **** {
  60              		.loc 1 222 0
  61              		.cfi_startproc
  62              		@ args = 0, pretend = 0, frame = 0
  63              		@ frame_needed = 0, uses_anonymous_args = 0
  64              		@ link register save eliminated.
  65              	.LVL0:
 223:Core/Src/system_stm32f4xx.c ****   uint32_t tmp = 0, pllvco = 0, pllp = 2, pllsource = 0, pllm = 2;
ARM GAS  /tmp/ccrCakMN.s 			page 6


 224:Core/Src/system_stm32f4xx.c ****   
 225:Core/Src/system_stm32f4xx.c ****   /* Get SYSCLK source -------------------------------------------------------*/
 226:Core/Src/system_stm32f4xx.c ****   tmp = RCC->CFGR & RCC_CFGR_SWS;
  66              		.loc 1 226 0
  67 0000 224B     		ldr	r3, .L14
  68 0002 9B68     		ldr	r3, [r3, #8]
  69 0004 03F00C03 		and	r3, r3, #12
  70              	.LVL1:
 227:Core/Src/system_stm32f4xx.c **** 
 228:Core/Src/system_stm32f4xx.c ****   switch (tmp)
  71              		.loc 1 228 0
  72 0008 042B     		cmp	r3, #4
  73 000a 14D0     		beq	.L6
  74 000c 082B     		cmp	r3, #8
  75 000e 16D0     		beq	.L7
  76 0010 1BB1     		cbz	r3, .L13
 229:Core/Src/system_stm32f4xx.c ****   {
 230:Core/Src/system_stm32f4xx.c ****     case 0x00:  /* HSI used as system clock source */
 231:Core/Src/system_stm32f4xx.c ****       SystemCoreClock = HSI_VALUE;
 232:Core/Src/system_stm32f4xx.c ****       break;
 233:Core/Src/system_stm32f4xx.c ****     case 0x04:  /* HSE used as system clock source */
 234:Core/Src/system_stm32f4xx.c ****       SystemCoreClock = HSE_VALUE;
 235:Core/Src/system_stm32f4xx.c ****       break;
 236:Core/Src/system_stm32f4xx.c ****     case 0x08:  /* PLL used as system clock source */
 237:Core/Src/system_stm32f4xx.c **** 
 238:Core/Src/system_stm32f4xx.c ****       /* PLL_VCO = (HSE_VALUE or HSI_VALUE / PLL_M) * PLL_N
 239:Core/Src/system_stm32f4xx.c ****          SYSCLK = PLL_VCO / PLL_P
 240:Core/Src/system_stm32f4xx.c ****          */    
 241:Core/Src/system_stm32f4xx.c ****       pllsource = (RCC->PLLCFGR & RCC_PLLCFGR_PLLSRC) >> 22;
 242:Core/Src/system_stm32f4xx.c ****       pllm = RCC->PLLCFGR & RCC_PLLCFGR_PLLM;
 243:Core/Src/system_stm32f4xx.c ****       
 244:Core/Src/system_stm32f4xx.c ****       if (pllsource != 0)
 245:Core/Src/system_stm32f4xx.c ****       {
 246:Core/Src/system_stm32f4xx.c ****         /* HSE used as PLL clock source */
 247:Core/Src/system_stm32f4xx.c ****         pllvco = (HSE_VALUE / pllm) * ((RCC->PLLCFGR & RCC_PLLCFGR_PLLN) >> 6);
 248:Core/Src/system_stm32f4xx.c ****       }
 249:Core/Src/system_stm32f4xx.c ****       else
 250:Core/Src/system_stm32f4xx.c ****       {
 251:Core/Src/system_stm32f4xx.c ****         /* HSI used as PLL clock source */
 252:Core/Src/system_stm32f4xx.c ****         pllvco = (HSI_VALUE / pllm) * ((RCC->PLLCFGR & RCC_PLLCFGR_PLLN) >> 6);
 253:Core/Src/system_stm32f4xx.c ****       }
 254:Core/Src/system_stm32f4xx.c **** 
 255:Core/Src/system_stm32f4xx.c ****       pllp = (((RCC->PLLCFGR & RCC_PLLCFGR_PLLP) >>16) + 1 ) *2;
 256:Core/Src/system_stm32f4xx.c ****       SystemCoreClock = pllvco/pllp;
 257:Core/Src/system_stm32f4xx.c ****       break;
 258:Core/Src/system_stm32f4xx.c ****     default:
 259:Core/Src/system_stm32f4xx.c ****       SystemCoreClock = HSI_VALUE;
  77              		.loc 1 259 0
  78 0012 1F4B     		ldr	r3, .L14+4
  79              	.LVL2:
  80 0014 1F4A     		ldr	r2, .L14+8
  81 0016 1A60     		str	r2, [r3]
 260:Core/Src/system_stm32f4xx.c ****       break;
  82              		.loc 1 260 0
  83 0018 02E0     		b	.L9
  84              	.LVL3:
  85              	.L13:
ARM GAS  /tmp/ccrCakMN.s 			page 7


 231:Core/Src/system_stm32f4xx.c ****       break;
  86              		.loc 1 231 0
  87 001a 1D4B     		ldr	r3, .L14+4
  88              	.LVL4:
  89 001c 1D4A     		ldr	r2, .L14+8
  90 001e 1A60     		str	r2, [r3]
  91              	.LVL5:
  92              	.L9:
 261:Core/Src/system_stm32f4xx.c ****   }
 262:Core/Src/system_stm32f4xx.c ****   /* Compute HCLK frequency --------------------------------------------------*/
 263:Core/Src/system_stm32f4xx.c ****   /* Get HCLK prescaler */
 264:Core/Src/system_stm32f4xx.c ****   tmp = AHBPrescTable[((RCC->CFGR & RCC_CFGR_HPRE) >> 4)];
  93              		.loc 1 264 0
  94 0020 1A4B     		ldr	r3, .L14
  95 0022 9B68     		ldr	r3, [r3, #8]
  96 0024 C3F30313 		ubfx	r3, r3, #4, #4
  97 0028 1B4A     		ldr	r2, .L14+12
  98 002a D15C     		ldrb	r1, [r2, r3]	@ zero_extendqisi2
  99              	.LVL6:
 265:Core/Src/system_stm32f4xx.c ****   /* HCLK frequency */
 266:Core/Src/system_stm32f4xx.c ****   SystemCoreClock >>= tmp;
 100              		.loc 1 266 0
 101 002c 184A     		ldr	r2, .L14+4
 102 002e 1368     		ldr	r3, [r2]
 103 0030 CB40     		lsrs	r3, r3, r1
 104 0032 1360     		str	r3, [r2]
 267:Core/Src/system_stm32f4xx.c **** }
 105              		.loc 1 267 0
 106 0034 7047     		bx	lr
 107              	.LVL7:
 108              	.L6:
 234:Core/Src/system_stm32f4xx.c ****       break;
 109              		.loc 1 234 0
 110 0036 164B     		ldr	r3, .L14+4
 111              	.LVL8:
 112 0038 184A     		ldr	r2, .L14+16
 113 003a 1A60     		str	r2, [r3]
 235:Core/Src/system_stm32f4xx.c ****     case 0x08:  /* PLL used as system clock source */
 114              		.loc 1 235 0
 115 003c F0E7     		b	.L9
 116              	.LVL9:
 117              	.L7:
 241:Core/Src/system_stm32f4xx.c ****       pllm = RCC->PLLCFGR & RCC_PLLCFGR_PLLM;
 118              		.loc 1 241 0
 119 003e 134B     		ldr	r3, .L14
 120              	.LVL10:
 121 0040 5A68     		ldr	r2, [r3, #4]
 122              	.LVL11:
 242:Core/Src/system_stm32f4xx.c ****       
 123              		.loc 1 242 0
 124 0042 5B68     		ldr	r3, [r3, #4]
 125 0044 03F03F03 		and	r3, r3, #63
 126              	.LVL12:
 244:Core/Src/system_stm32f4xx.c ****       {
 127              		.loc 1 244 0
 128 0048 12F4800F 		tst	r2, #4194304
 129 004c 13D0     		beq	.L10
ARM GAS  /tmp/ccrCakMN.s 			page 8


 247:Core/Src/system_stm32f4xx.c ****       }
 130              		.loc 1 247 0
 131 004e 134A     		ldr	r2, .L14+16
 132              	.LVL13:
 133 0050 B2FBF3F2 		udiv	r2, r2, r3
 134 0054 0D4B     		ldr	r3, .L14
 135              	.LVL14:
 136 0056 5B68     		ldr	r3, [r3, #4]
 137 0058 C3F38813 		ubfx	r3, r3, #6, #9
 138 005c 03FB02F3 		mul	r3, r3, r2
 139              	.LVL15:
 140              	.L11:
 255:Core/Src/system_stm32f4xx.c ****       SystemCoreClock = pllvco/pllp;
 141              		.loc 1 255 0
 142 0060 0A4A     		ldr	r2, .L14
 143 0062 5268     		ldr	r2, [r2, #4]
 144 0064 C2F30142 		ubfx	r2, r2, #16, #2
 145 0068 0132     		adds	r2, r2, #1
 146 006a 5200     		lsls	r2, r2, #1
 147              	.LVL16:
 256:Core/Src/system_stm32f4xx.c ****       break;
 148              		.loc 1 256 0
 149 006c B3FBF2F3 		udiv	r3, r3, r2
 150              	.LVL17:
 151 0070 074A     		ldr	r2, .L14+4
 152              	.LVL18:
 153 0072 1360     		str	r3, [r2]
 257:Core/Src/system_stm32f4xx.c ****     default:
 154              		.loc 1 257 0
 155 0074 D4E7     		b	.L9
 156              	.LVL19:
 157              	.L10:
 252:Core/Src/system_stm32f4xx.c ****       }
 158              		.loc 1 252 0
 159 0076 074A     		ldr	r2, .L14+8
 160              	.LVL20:
 161 0078 B2FBF3F2 		udiv	r2, r2, r3
 162 007c 034B     		ldr	r3, .L14
 163              	.LVL21:
 164 007e 5B68     		ldr	r3, [r3, #4]
 165 0080 C3F38813 		ubfx	r3, r3, #6, #9
 166 0084 03FB02F3 		mul	r3, r3, r2
 167              	.LVL22:
 168 0088 EAE7     		b	.L11
 169              	.L15:
 170 008a 00BF     		.align	2
 171              	.L14:
 172 008c 00380240 		.word	1073887232
 173 0090 00000000 		.word	.LANCHOR0
 174 0094 0024F400 		.word	16000000
 175 0098 00000000 		.word	.LANCHOR1
 176 009c 00127A00 		.word	8000000
 177              		.cfi_endproc
 178              	.LFE131:
 180              		.global	APBPrescTable
 181              		.global	AHBPrescTable
 182              		.global	SystemCoreClock
ARM GAS  /tmp/ccrCakMN.s 			page 9


 183              		.section	.data.SystemCoreClock,"aw",%progbits
 184              		.align	2
 185              		.set	.LANCHOR0,. + 0
 188              	SystemCoreClock:
 189 0000 0024F400 		.word	16000000
 190              		.section	.rodata.AHBPrescTable,"a",%progbits
 191              		.align	2
 192              		.set	.LANCHOR1,. + 0
 195              	AHBPrescTable:
 196 0000 00       		.byte	0
 197 0001 00       		.byte	0
 198 0002 00       		.byte	0
 199 0003 00       		.byte	0
 200 0004 00       		.byte	0
 201 0005 00       		.byte	0
 202 0006 00       		.byte	0
 203 0007 00       		.byte	0
 204 0008 01       		.byte	1
 205 0009 02       		.byte	2
 206 000a 03       		.byte	3
 207 000b 04       		.byte	4
 208 000c 06       		.byte	6
 209 000d 07       		.byte	7
 210 000e 08       		.byte	8
 211 000f 09       		.byte	9
 212              		.section	.rodata.APBPrescTable,"a",%progbits
 213              		.align	2
 216              	APBPrescTable:
 217 0000 00       		.byte	0
 218 0001 00       		.byte	0
 219 0002 00       		.byte	0
 220 0003 00       		.byte	0
 221 0004 01       		.byte	1
 222 0005 02       		.byte	2
 223 0006 03       		.byte	3
 224 0007 04       		.byte	4
 225              		.text
 226              	.Letext0:
 227              		.file 2 "/usr/include/newlib/machine/_default_types.h"
 228              		.file 3 "/usr/include/newlib/sys/_stdint.h"
 229              		.file 4 "Drivers/CMSIS/Include/core_cm4.h"
 230              		.file 5 "Drivers/CMSIS/Device/ST/STM32F4xx/Include/system_stm32f4xx.h"
 231              		.file 6 "Drivers/CMSIS/Device/ST/STM32F4xx/Include/stm32f413xx.h"
 232              		.file 7 "Drivers/STM32F4xx_HAL_Driver/Inc/stm32f4xx_hal.h"
ARM GAS  /tmp/ccrCakMN.s 			page 10


DEFINED SYMBOLS
                            *ABS*:0000000000000000 system_stm32f4xx.c
     /tmp/ccrCakMN.s:18     .text.SystemInit:0000000000000000 $t
     /tmp/ccrCakMN.s:25     .text.SystemInit:0000000000000000 SystemInit
     /tmp/ccrCakMN.s:46     .text.SystemInit:0000000000000018 $d
     /tmp/ccrCakMN.s:51     .text.SystemCoreClockUpdate:0000000000000000 $t
     /tmp/ccrCakMN.s:58     .text.SystemCoreClockUpdate:0000000000000000 SystemCoreClockUpdate
     /tmp/ccrCakMN.s:172    .text.SystemCoreClockUpdate:000000000000008c $d
     /tmp/ccrCakMN.s:216    .rodata.APBPrescTable:0000000000000000 APBPrescTable
     /tmp/ccrCakMN.s:195    .rodata.AHBPrescTable:0000000000000000 AHBPrescTable
     /tmp/ccrCakMN.s:188    .data.SystemCoreClock:0000000000000000 SystemCoreClock
     /tmp/ccrCakMN.s:184    .data.SystemCoreClock:0000000000000000 $d
     /tmp/ccrCakMN.s:191    .rodata.AHBPrescTable:0000000000000000 $d
     /tmp/ccrCakMN.s:213    .rodata.APBPrescTable:0000000000000000 $d

NO UNDEFINED SYMBOLS
